This is XeTeX, Version 3.141592653-2.6-0.999994 (TeX Live 2022) (preloaded format=xelatex 2022.11.15)  20 MAR 2023 19:33
entering extended mode
 restricted \write18 enabled.
 file:line:error style messages enabled.
 %&-line parsing enabled.
**/Users/vuekawa/repos/book_final_en/3chapnumsim/docnumsim7_en.tex
(/Users/vuekawa/repos/book_final_en/3chapnumsim/docnumsim7_en.tex
LaTeX2e <2021-11-15> patch level 1
L3 programming layer <2022-02-24> (./svmult.cls
Document Class: svmult 2021/09/08 v5.9 
Springer Verlag global LaTeX document class for multi authored books
Class Springer-SVMult Info: extra/valid Springer sub-package 
(Springer-SVMult)           not found in option list - using "global" style.
(/usr/local/texlive/2022/texmf-dist/tex/latex/base/article.cls
Document Class: article 2021/10/04 v1.4n Standard LaTeX document class
(/usr/local/texlive/2022/texmf-dist/tex/latex/base/size10.clo
File: size10.clo 2021/10/04 v1.4n Standard LaTeX file (size option)
)
\c@part=\count181
\c@section=\count182
\c@subsection=\count183
\c@subsubsection=\count184
\c@paragraph=\count185
\c@subparagraph=\count186
\c@figure=\count187
\c@table=\count188
\abovecaptionskip=\skip47
\belowcaptionskip=\skip48
\bibindent=\dimen138
)
\svparindent=\dimen139
\bibindent=\dimen140
\betweenumberspace=\dimen141
\headlineindent=\dimen142
\minitoc=\write3
\c@minitocdepth=\count189
\c@chapter=\count190
\mottowidth=\dimen143
\svitemindent=\dimen144
\verbatimindent=\dimen145
LaTeX Font Info:    Redeclaring math symbol \Gamma on input line 971.
LaTeX Font Info:    Redeclaring math symbol \Delta on input line 972.
LaTeX Font Info:    Redeclaring math symbol \Theta on input line 973.
LaTeX Font Info:    Redeclaring math symbol \Lambda on input line 974.
LaTeX Font Info:    Redeclaring math symbol \Xi on input line 975.
LaTeX Font Info:    Redeclaring math symbol \Pi on input line 976.
LaTeX Font Info:    Redeclaring math symbol \Sigma on input line 977.
LaTeX Font Info:    Redeclaring math symbol \Upsilon on input line 978.
LaTeX Font Info:    Redeclaring math symbol \Phi on input line 979.
LaTeX Font Info:    Redeclaring math symbol \Psi on input line 980.
LaTeX Font Info:    Redeclaring math symbol \Omega on input line 981.
\tocchpnum=\dimen146
\tocsecnum=\dimen147
\tocsectotal=\dimen148
\tocsubsecnum=\dimen149
\tocsubsectotal=\dimen150
\tocsubsubsecnum=\dimen151
\tocsubsubsectotal=\dimen152
\tocparanum=\dimen153
\tocparatotal=\dimen154
\tocsubparanum=\dimen155
\foot@parindent=\dimen156
\spthmsep=\dimen157
\c@theorem=\count191
\c@case=\count192
\c@conjecture=\count193
\c@corollary=\count194
\c@definition=\count195
\c@example=\count196
\c@exercise=\count197
\c@lemma=\count198
\c@note=\count199
\c@problem=\count266
\c@property=\count267
\c@proposition=\count268
\c@question=\count269
\c@solution=\count270
\c@remark=\count271
\c@prob=\count272
\instindent=\dimen158
\figgap=\dimen159
\bildb@x=\box50
\figcapgap=\dimen160
\tabcapgap=\dimen161
\c@merk=\count273
\c@@inst=\count274
\c@@auth=\count275
\c@auco=\count276
\instindent=\dimen162
\authrun=\box51
\authorrunning=\toks16
\tocauthor=\toks17
\titrun=\box52
\titlerunning=\toks18
\toctitle=\toks19
\c@contribution=\count277
LaTeX Info: Redefining \abstract on input line 2329.
 (/usr/local/texlive/2022/texmf-dist/tex/latex/xcolor/xcolor.sty
Package: xcolor 2021/10/31 v2.13 LaTeX color extensions (UK)
 (/usr/local/texlive/2022/texmf-dist/tex/latex/graphics-cfg/color.cfg
File: color.cfg 2016/01/02 v1.6 sample color configuration
)
Package xcolor Info: Driver file: xetex.def on input line 227.
 (/usr/local/texlive/2022/texmf-dist/tex/latex/graphics-def/xetex.def
File: xetex.def 2021/03/18 v5.0k Graphics/color driver for xetex
)
Package xcolor Info: Model `cmy' substituted by `cmy0' on input line 1352.
Package xcolor Info: Model `RGB' extended on input line 1368.
Package xcolor Info: Model `HTML' substituted by `rgb' on input line 1370.
Package xcolor Info: Model `Hsb' substituted by `hsb' on input line 1371.
Package xcolor Info: Model `tHsb' substituted by `hsb' on input line 1372.
Package xcolor Info: Model `HSB' substituted by `hsb' on input line 1373.
Package xcolor Info: Model `Gray' substituted by `gray' on input line 1374.
Package xcolor Info: Model `wave' substituted by `hsb' on input line 1375.
 (/usr/local/texlive/2022/texmf-dist/tex/latex/xcolor/x11nam.def
File: x11nam.def 2021/10/31 v2.13 Predefined colors according to Unix/X11 (UK)
))
\COFFEEbk@bxb=\box53
\COFFEEbk@bxa=\box54
\COFFEEbk@lcnt=\count278
\endCOFFEEskip=\skip49
\c@COFFcount=\count279
 (/usr/local/texlive/2022/texmf-dist/tex/latex/ntheorem/ntheorem.sty
Style `ntheorem', Version 1.33 <2011/08/15>
Package: ntheorem 2011/08/15 1.33
(/usr/local/texlive/2022/texmf-dist/tex/latex/base/ifthen.sty
Package: ifthen 2020/11/24 v1.1c Standard LaTeX ifthen package (DPC)
)
\theorem@style=\toks20
\theorem@@style=\toks21
\theorembodyfont=\toks22
\theoremnumbering=\toks23
\theorempreskipamount=\skip50
\theorempostskipamount=\skip51
\theoremframepreskipamount=\skip52
\theoremframepostskipamount=\skip53
\theoreminframepreskipamount=\skip54
\theoreminframepostskipamount=\skip55
\theorem@preskip=\toks24
\theorem@postskip=\toks25
\theorem@framepreskip=\toks26
\theorem@framepostskip=\toks27
\theorem@inframepreskip=\toks28
\theorem@inframepostskip=\toks29
\theoremindent=\dimen163
\theorem@indent=\dimen164
\theoremrightindent=\dimen165
\theorem@rightindent=\dimen166
\theoremheaderfont=\toks30
\theoremseparator=\toks31
\theoremprework=\toks32
\theorempostwork=\toks33
\theoremsymbol=\toks34
\qedsymbol=\toks35
\theoremkeyword=\toks36
\qedsymbol=\toks37
\thm@topsep=\skip56
\thm@topsepadd=\skip57
Package ntheorem Info: Option `thmmarks' loaded on input line 1175.
\c@endNonectr=\count280
\c@currNonectr=\count281
\mysavskip=\skip58
Package ntheorem Info: Option `thref' loaded on input line 1175.
\mysavskip=\skip59
)
\c@currproofctr=\count282
\c@endproofctr=\count283
\c@proof=\count284
\c@EXECUTION=\count285
) (/usr/local/texlive/2022/texmf-dist/tex/latex/framed/framed.sty
Package: framed 2011/10/22 v 0.96: framed or shaded text with page breaks
\OuterFrameSep=\skip60
\fb@frw=\dimen167
\fb@frh=\dimen168
\FrameRule=\dimen169
\FrameSep=\dimen170
) (../settings.tex (/usr/local/texlive/2022/texmf-dist/tex/latex/footmisc/footmisc.sty
Package: footmisc 2022/03/08 v6.0d a miscellany of footnote facilities
\FN@temptoken=\toks38
\footnotemargin=\dimen171
\@outputbox@depth=\dimen172
Package footmisc Info: Declaring symbol style bringhurst on input line 695.
Package footmisc Info: Declaring symbol style chicago on input line 703.
Package footmisc Info: Declaring symbol style wiley on input line 712.
Package footmisc Info: Declaring symbol style lamport-robust on input line 723.
Package footmisc Info: Declaring symbol style lamport* on input line 743.
Package footmisc Info: Declaring symbol style lamport*-robust on input line 764.
) (/usr/local/texlive/2022/texmf-dist/tex/latex/newtx/newtxtext.sty
Package: newtxtext 2022/02/28 v1.71(Michael Sharpe) latex and unicode latex support for TeXGyreTermesX
 `newtxtext' v1.71, 2022/02/28 Text macros taking advantage of TeXGyre Termes and its extensions (msharpe) (/usr/local/texlive/2022/texmf-dist/tex/generic/iftex/iftex.sty
Package: iftex 2022/02/03 v1.0f TeX engine tests
) (/usr/local/texlive/2022/texmf-dist/tex/latex/xkeyval/xkeyval.sty
Package: xkeyval 2020/11/20 v2.8 package option processing (HA)
 (/usr/local/texlive/2022/texmf-dist/tex/generic/xkeyval/xkeyval.tex (/usr/local/texlive/2022/texmf-dist/tex/generic/xkeyval/xkvutils.tex
\XKV@toks=\toks39
\XKV@tempa@toks=\toks40
 (/usr/local/texlive/2022/texmf-dist/tex/generic/xkeyval/keyval.tex))
\XKV@depth=\count286
File: xkeyval.tex 2014/12/03 v2.7a key=value parser (HA)
)) (/usr/local/texlive/2022/texmf-dist/tex/latex/etoolbox/etoolbox.sty
Package: etoolbox 2020/10/05 v2.5k e-TeX tools for LaTeX (JAW)
\etb@tempcnta=\count287
) (/usr/local/texlive/2022/texmf-dist/tex/latex/base/textcomp.sty
Package: textcomp 2020/02/02 v2.0n Standard LaTeX package
) (/usr/local/texlive/2022/texmf-dist/tex/generic/xstring/xstring.sty (/usr/local/texlive/2022/texmf-dist/tex/generic/xstring/xstring.tex
\integerpart=\count288
\decimalpart=\count289
)
Package: xstring 2021/07/21 v1.84 String manipulations (CT)
) (/usr/local/texlive/2022/texmf-dist/tex/latex/carlisle/scalefnt.sty)
LaTeX Font Info:    Setting ntxLF sub-encoding to TS1/0 on input line 21.
LaTeX Font Info:    Setting ntxTLF sub-encoding to TS1/0 on input line 21.
LaTeX Font Info:    Setting ntxOsF sub-encoding to TS1/0 on input line 21.
LaTeX Font Info:    Setting ntxTOsF sub-encoding to TS1/0 on input line 21.
 (/usr/local/texlive/2022/texmf-dist/tex/generic/kastrup/binhex.tex)
\ntx@tmpcnta=\count290
\ntx@cnt=\count291

ntx@otftexttrue
(/usr/local/texlive/2022/texmf-dist/tex/latex/fontspec/fontspec.sty (/usr/local/texlive/2022/texmf-dist/tex/latex/l3packages/xparse/xparse.sty (/usr/local/texlive/2022/texmf-dist/tex/latex/l3kernel/expl3.sty
Package: expl3 2022-02-24 L3 programming layer (loader) 
 (/usr/local/texlive/2022/texmf-dist/tex/latex/l3backend/l3backend-xetex.def
File: l3backend-xetex.def 2022-02-07 L3 backend support: XeTeX
 (|extractbb --version)
\c__kernel_sys_dvipdfmx_version_int=\count292
\l__color_backend_stack_int=\count293
\g__color_backend_stack_int=\count294
\g__graphics_track_int=\count295
\l__pdf_internal_box=\box55
\g__pdf_backend_object_int=\count296
\g__pdf_backend_annotation_int=\count297
\g__pdf_backend_link_int=\count298
))
Package: xparse 2022-01-12 L3 Experimental document command parser
)
Package: fontspec 2022/01/15 v2.8a Font selection for XeLaTeX and LuaLaTeX
 (/usr/local/texlive/2022/texmf-dist/tex/latex/fontspec/fontspec-xetex.sty
Package: fontspec-xetex 2022/01/15 v2.8a Font selection for XeLaTeX and LuaLaTeX
\l__fontspec_script_int=\count299
\l__fontspec_language_int=\count300
\l__fontspec_strnum_int=\count301
\l__fontspec_tmp_int=\count302
\l__fontspec_tmpa_int=\count303
\l__fontspec_tmpb_int=\count304
\l__fontspec_tmpc_int=\count305
\l__fontspec_em_int=\count306
\l__fontspec_emdef_int=\count307
\l__fontspec_strong_int=\count308
\l__fontspec_strongdef_int=\count309
\l__fontspec_tmpa_dim=\dimen173
\l__fontspec_tmpb_dim=\dimen174
\l__fontspec_tmpc_dim=\dimen175
 (/usr/local/texlive/2022/texmf-dist/tex/latex/base/fontenc.sty
Package: fontenc 2021/04/29 v2.0v Standard LaTeX package
) (/usr/local/texlive/2022/texmf-dist/tex/latex/fontspec/fontspec.cfg)))
LaTeX Info: Redefining \oldstylenums on input line 479.
LaTeX Info: Redefining \liningnums on input line 483.
 (/usr/local/texlive/2022/texmf-dist/tex/latex/realscripts/realscripts.sty
Package: realscripts 2016/02/13 v0.3d Access OpenType subscripts and superscripts
\subsupersep=\dimen176
)) (/usr/local/texlive/2022/texmf-dist/tex/latex/newtx/newtxmath.sty
Package: newtxmath 2022/01/16 v1.71
 `newtxmath' v1.71, 2022/01/16 Math macros based originally on txfonts (msharpe) (/usr/local/texlive/2022/texmf-dist/tex/latex/amsmath/amsmath.sty
Package: amsmath 2021/10/15 v2.17l AMS math features
\@mathmargin=\skip61

For additional information on amsmath, use the `?' option.
(/usr/local/texlive/2022/texmf-dist/tex/latex/amsmath/amstext.sty
Package: amstext 2021/08/26 v2.01 AMS text
 (/usr/local/texlive/2022/texmf-dist/tex/latex/amsmath/amsgen.sty
File: amsgen.sty 1999/11/30 v2.0 generic functions
\@emptytoks=\toks41
\ex@=\dimen177
)) (/usr/local/texlive/2022/texmf-dist/tex/latex/amsmath/amsbsy.sty
Package: amsbsy 1999/11/29 v1.2d Bold Symbols
\pmbraise@=\dimen178
) (/usr/local/texlive/2022/texmf-dist/tex/latex/amsmath/amsopn.sty
Package: amsopn 2021/08/26 v2.02 operator names
)
\inf@bad=\count310
LaTeX Info: Redefining \frac on input line 234.
\uproot@=\count311
\leftroot@=\count312
LaTeX Info: Redefining \overline on input line 399.
\classnum@=\count313
\DOTSCASE@=\count314
LaTeX Info: Redefining \ldots on input line 496.
LaTeX Info: Redefining \dots on input line 499.
LaTeX Info: Redefining \cdots on input line 620.
\Mathstrutbox@=\box56
\strutbox@=\box57
\big@size=\dimen179
LaTeX Font Info:    Redeclaring font encoding OML on input line 743.
LaTeX Font Info:    Redeclaring font encoding OMS on input line 744.
\macc@depth=\count315
\c@MaxMatrixCols=\count316
\dotsspace@=\muskip16
\c@parentequation=\count317
\dspbrk@lvl=\count318
\tag@help=\toks42
\row@=\count319
\column@=\count320
\maxfields@=\count321
\andhelp@=\toks43
\eqnshift@=\dimen180
\alignsep@=\dimen181
\tagshift@=\dimen182
\tagwidth@=\dimen183
\totwidth@=\dimen184
\lineht@=\dimen185
\@envbody=\toks44
\multlinegap=\skip62
\multlinetaggap=\skip63
\mathdisplay@stack=\toks45
LaTeX Info: Redefining \[ on input line 2938.
LaTeX Info: Redefining \] on input line 2939.
) (/usr/local/texlive/2022/texmf-dist/tex/generic/iftex/ifxetex.sty
Package: ifxetex 2019/10/25 v0.7 ifxetex legacy package. Use iftex instead.
) (/usr/local/texlive/2022/texmf-dist/tex/generic/iftex/ifluatex.sty
Package: ifluatex 2019/10/25 v1.5 ifluatex legacy package. Use iftex instead.
) (/usr/local/texlive/2022/texmf-dist/tex/latex/oberdiek/centernot.sty
Package: centernot 2016/05/16 v1.4 Centers the not symbol horizontally (HO)
)
\tx@cntz=\count322
 (/usr/local/texlive/2022/texmf-dist/tex/generic/kastrup/binhex.tex)
\tx@Isdigit=\count323
\tx@IsAlNum=\count324
\tx@tA=\toks46
\tx@tB=\toks47
\tx@su=\read2

amsthm NOT loaded
LaTeX Font Info:    Redeclaring symbol font `operators' on input line 376.
LaTeX Font Info:    Overwriting symbol font `operators' in version `normal'
(Font)                  OT1/cmr/m/n --> OT1/minntx/m/n on input line 376.
LaTeX Font Info:    Overwriting symbol font `operators' in version `bold'
(Font)                  OT1/cmr/bx/n --> OT1/minntx/m/n on input line 376.
LaTeX Font Info:    Overwriting symbol font `operators' in version `bold'
(Font)                  OT1/minntx/m/n --> OT1/minntx/b/n on input line 377.
LaTeX Font Info:    Redeclaring math alphabet \mathsf on input line 383.
LaTeX Font Info:    Overwriting math alphabet `\mathsf' in version `normal'
(Font)                  OT1/cmss/m/n --> TU/lmss/m/n on input line 383.
LaTeX Font Info:    Overwriting math alphabet `\mathsf' in version `bold'
(Font)                  OT1/cmss/bx/n --> TU/lmss/m/n on input line 383.
LaTeX Font Info:    Redeclaring math alphabet \mathit on input line 384.
LaTeX Font Info:    Overwriting math alphabet `\mathit' in version `normal'
(Font)                  OT1/cmr/m/it --> OT1/minntx/m/it on input line 384.
LaTeX Font Info:    Overwriting math alphabet `\mathit' in version `bold'
(Font)                  OT1/cmr/bx/it --> OT1/minntx/m/it on input line 384.
LaTeX Font Info:    Redeclaring math alphabet \mathtt on input line 385.
LaTeX Font Info:    Overwriting math alphabet `\mathtt' in version `normal'
(Font)                  OT1/cmtt/m/n --> TU/lmtt/m/n on input line 385.
LaTeX Font Info:    Overwriting math alphabet `\mathtt' in version `bold'
(Font)                  OT1/cmtt/m/n --> TU/lmtt/m/n on input line 385.
LaTeX Font Info:    Redeclaring math alphabet \mathbf on input line 387.
LaTeX Font Info:    Overwriting math alphabet `\mathbf' in version `normal'
(Font)                  OT1/cmr/bx/n --> OT1/minntx/b/n on input line 387.
LaTeX Font Info:    Overwriting math alphabet `\mathbf' in version `bold'
(Font)                  OT1/cmr/bx/n --> OT1/minntx/b/n on input line 387.
LaTeX Font Info:    Overwriting math alphabet `\mathit' in version `bold'
(Font)                  OT1/minntx/m/it --> OT1/minntx/b/it on input line 388.
LaTeX Font Info:    Overwriting math alphabet `\mathsf' in version `bold'
(Font)                  TU/lmss/m/n --> TU/lmss/b/n on input line 389.
LaTeX Font Info:    Overwriting math alphabet `\mathtt' in version `bold'
(Font)                  TU/lmtt/m/n --> TU/lmtt/b/n on input line 390.
LaTeX Font Info:    Redeclaring symbol font `letters' on input line 491.
LaTeX Font Info:    Overwriting symbol font `letters' in version `normal'
(Font)                  OML/cmm/m/it --> OML/ntxmi/m/it on input line 491.
LaTeX Font Info:    Overwriting symbol font `letters' in version `bold'
(Font)                  OML/cmm/b/it --> OML/ntxmi/m/it on input line 491.
LaTeX Font Info:    Overwriting symbol font `letters' in version `bold'
(Font)                  OML/ntxmi/m/it --> OML/ntxmi/b/it on input line 492.
\symlettersA=\mathgroup4
LaTeX Font Info:    Overwriting symbol font `lettersA' in version `bold'
(Font)                  U/ntxmia/m/it --> U/ntxmia/b/it on input line 547.
LaTeX Font Info:    Redeclaring symbol font `symbols' on input line 568.
LaTeX Font Info:    Encoding `OMS' has changed to `LMS' for symbol font
(Font)              `symbols' in the math version `normal' on input line 568.
LaTeX Font Info:    Overwriting symbol font `symbols' in version `normal'
(Font)                  OMS/cmsy/m/n --> LMS/ntxsy/m/n on input line 568.
LaTeX Font Info:    Encoding `OMS' has changed to `LMS' for symbol font
(Font)              `symbols' in the math version `bold' on input line 568.
LaTeX Font Info:    Overwriting symbol font `symbols' in version `bold'
(Font)                  OMS/cmsy/b/n --> LMS/ntxsy/m/n on input line 568.
LaTeX Font Info:    Overwriting symbol font `symbols' in version `bold'
(Font)                  LMS/ntxsy/m/n --> LMS/ntxsy/b/n on input line 569.
\symAMSm=\mathgroup5
LaTeX Font Info:    Overwriting symbol font `AMSm' in version `bold'
(Font)                  U/ntxsym/m/n --> U/ntxsym/b/n on input line 594.
\symsymbolsC=\mathgroup6
LaTeX Font Info:    Overwriting symbol font `symbolsC' in version `bold'
(Font)                  U/ntxsyc/m/n --> U/ntxsyc/b/n on input line 615.
LaTeX Font Info:    Redeclaring symbol font `largesymbols' on input line 628.
LaTeX Font Info:    Encoding `OMX' has changed to `LMX' for symbol font
(Font)              `largesymbols' in the math version `normal' on input line 628.
LaTeX Font Info:    Overwriting symbol font `largesymbols' in version `normal'
(Font)                  OMX/cmex/m/n --> LMX/ntxexx/m/n on input line 628.
LaTeX Font Info:    Encoding `OMX' has changed to `LMX' for symbol font
(Font)              `largesymbols' in the math version `bold' on input line 628.
LaTeX Font Info:    Overwriting symbol font `largesymbols' in version `bold'
(Font)                  OMX/cmex/m/n --> LMX/ntxexx/m/n on input line 628.
LaTeX Font Info:    Overwriting symbol font `largesymbols' in version `bold'
(Font)                  LMX/ntxexx/m/n --> LMX/ntxexx/b/n on input line 629.
\symlargesymbolsTXA=\mathgroup7
LaTeX Font Info:    Overwriting symbol font `largesymbolsTXA' in version `bold'
(Font)                  U/ntxexa/m/n --> U/ntxexa/b/n on input line 643.
\tx@sbptoks=\toks48
LaTeX Font Info:    Redeclaring math delimiter \lfloor on input line 866.
LaTeX Font Info:    Redeclaring math delimiter \rfloor on input line 867.
LaTeX Font Info:    Redeclaring math delimiter \lceil on input line 868.
LaTeX Font Info:    Redeclaring math delimiter \rceil on input line 869.
LaTeX Font Info:    Redeclaring math delimiter \lbrace on input line 870.
LaTeX Font Info:    Redeclaring math delimiter \rbrace on input line 871.
LaTeX Font Info:    Redeclaring math delimiter \langle on input line 872.
LaTeX Font Info:    Redeclaring math delimiter \rangle on input line 874.
LaTeX Font Info:    Redeclaring math delimiter \arrowvert on input line 878.
LaTeX Font Info:    Redeclaring math delimiter \vert on input line 879.
LaTeX Font Info:    Redeclaring math symbol \hbar on input line 925.
LaTeX Font Info:    Redeclaring math accent \dot on input line 950.
LaTeX Font Info:    Redeclaring math accent \ddot on input line 951.
LaTeX Font Info:    Redeclaring math accent \vec on input line 2020.
LaTeX Info: Redefining \Bbbk on input line 2810.
LaTeX Info: Redefining \not on input line 2959.
) (/usr/local/texlive/2022/texmf-dist/tex/latex/enumitem/enumitem.sty
Package: enumitem 2019/06/20 v3.9 Customized lists
\enitkv@toks@=\toks49
\labelindent=\skip64
\enit@outerparindent=\dimen186
\enit@toks=\toks50
\enit@inbox=\box58
\enit@count@id=\count325
\enitdp@description=\count326
) (/usr/local/texlive/2022/texmf-dist/tex/latex/graphics/graphicx.sty
Package: graphicx 2021/09/16 v1.2d Enhanced LaTeX Graphics (DPC,SPQR)
 (/usr/local/texlive/2022/texmf-dist/tex/latex/graphics/graphics.sty
Package: graphics 2021/03/04 v1.4d Standard LaTeX Graphics (DPC,SPQR)
 (/usr/local/texlive/2022/texmf-dist/tex/latex/graphics/trig.sty
Package: trig 2021/08/11 v1.11 sin cos tan (DPC)
) (/usr/local/texlive/2022/texmf-dist/tex/latex/graphics-cfg/graphics.cfg
File: graphics.cfg 2016/06/04 v1.11 sample graphics configuration
)
Package graphics Info: Driver file: xetex.def on input line 107.
)
\Gin@req@height=\dimen187
\Gin@req@width=\dimen188
) (/usr/local/texlive/2022/texmf-dist/tex/latex/cite/cite.sty
LaTeX Info: Redefining \cite on input line 302.
LaTeX Info: Redefining \nocite on input line 332.
Package: cite 2015/02/27  v 5.5
) (/usr/local/texlive/2022/texmf-dist/tex/latex/base/makeidx.sty
Package: makeidx 2021/10/04 v1.0m Standard LaTeX package
) (/usr/local/texlive/2022/texmf-dist/tex/latex/ascmac/ascmac.sty
Package: ascmac 2020/01/15 v2.1 ascmac wrapper (community edition) 
 (/usr/local/texlive/2022/texmf-dist/tex/latex/ascmac/tascmac.sty
Package: tascmac 2020/01/15 v2.1 ascmac package (community edition) 
Package tascmac Info: Assuming pdfLaTeX, XeLaTeX or LuaLaTeX on input line 44.
Requested font "ascgrp" scaled 1000
 -> /usr/local/texlive/2022/texmf-dist/fonts/tfm/public/ascmac/ascgrp.tfm
\scb@x=\box59
\scscb@x=\box60
\@bw=\dimen189
\@nbox=\box61
\@nbody=\box62
\@scw=\dimen190
\ascmac@hoboxa=\box63
\ascmac@hoboxb=\box64
\@itemh=\dimen191
\@iboxpos=\toks51
\@iboxstr=\box65
\@bwsp=\box66
\@@bwsp=\box67
\@bcal=\count327
\shaderule=\dimen192
)) (./eclbkbox.sty
\bk@bxb=\box68
\bk@bxa=\box69
\bk@lcnt=\count328
) (./dsfont.sty
Package: dsfont 1995/08/01 v0.1 Double stroke roman fonts
) (/usr/local/texlive/2022/texmf-dist/tex/latex/tools/longtable.sty
Package: longtable 2021-09-01 v4.17 Multi-page Table package (DPC)
\LTleft=\skip65
\LTright=\skip66
\LTpre=\skip67
\LTpost=\skip68
\LTchunksize=\count329
\LTcapwidth=\dimen193
\LT@head=\box70
\LT@firsthead=\box71
\LT@foot=\box72
\LT@lastfoot=\box73
\LT@gbox=\box74
\LT@cols=\count330
\LT@rows=\count331
\c@LT@tables=\count332
\c@LT@chunks=\count333
\LT@p@ftn=\toks52
) (/usr/local/texlive/2022/texmf-dist/tex/latex/url/url.sty
\Urlmuskip=\muskip17
Package: url 2013/09/16  ver 3.4  Verb mode for urls, etc.
) (/usr/local/texlive/2022/texmf-dist/tex/latex/hyperref/hyperref.sty
Package: hyperref 2022-02-21 v7.00n Hypertext links for LaTeX
 (/usr/local/texlive/2022/texmf-dist/tex/generic/ltxcmds/ltxcmds.sty
Package: ltxcmds 2020-05-10 v1.25 LaTeX kernel commands for general use (HO)
) (/usr/local/texlive/2022/texmf-dist/tex/generic/pdftexcmds/pdftexcmds.sty
Package: pdftexcmds 2020-06-27 v0.33 Utility functions of pdfTeX for LuaTeX (HO)
 (/usr/local/texlive/2022/texmf-dist/tex/generic/infwarerr/infwarerr.sty
Package: infwarerr 2019/12/03 v1.5 Providing info/warning/error messages (HO)
)
Package pdftexcmds Info: \pdf@primitive is available.
Package pdftexcmds Info: \pdf@ifprimitive is available.
Package pdftexcmds Info: \pdfdraftmode not found.
) (/usr/local/texlive/2022/texmf-dist/tex/generic/kvsetkeys/kvsetkeys.sty
Package: kvsetkeys 2019/12/15 v1.18 Key value parser (HO)
) (/usr/local/texlive/2022/texmf-dist/tex/generic/kvdefinekeys/kvdefinekeys.sty
Package: kvdefinekeys 2019-12-19 v1.6 Define keys (HO)
) (/usr/local/texlive/2022/texmf-dist/tex/generic/pdfescape/pdfescape.sty
Package: pdfescape 2019/12/09 v1.15 Implements pdfTeX's escape features (HO)
) (/usr/local/texlive/2022/texmf-dist/tex/latex/hycolor/hycolor.sty
Package: hycolor 2020-01-27 v1.10 Color options for hyperref/bookmark (HO)
) (/usr/local/texlive/2022/texmf-dist/tex/latex/letltxmacro/letltxmacro.sty
Package: letltxmacro 2019/12/03 v1.6 Let assignment for LaTeX macros (HO)
) (/usr/local/texlive/2022/texmf-dist/tex/latex/auxhook/auxhook.sty
Package: auxhook 2019-12-17 v1.6 Hooks for auxiliary files (HO)
) (/usr/local/texlive/2022/texmf-dist/tex/latex/kvoptions/kvoptions.sty
Package: kvoptions 2020-10-07 v3.14 Key value format for package options (HO)
)
\@linkdim=\dimen194
\Hy@linkcounter=\count334
\Hy@pagecounter=\count335
 (/usr/local/texlive/2022/texmf-dist/tex/latex/hyperref/pd1enc.def
File: pd1enc.def 2022-02-21 v7.00n Hyperref: PDFDocEncoding definition (HO)
) (/usr/local/texlive/2022/texmf-dist/tex/generic/intcalc/intcalc.sty
Package: intcalc 2019/12/15 v1.3 Expandable calculations with integers (HO)
) (/usr/local/texlive/2022/texmf-dist/tex/generic/etexcmds/etexcmds.sty
Package: etexcmds 2019/12/15 v1.7 Avoid name clashes with e-TeX commands (HO)
)
\Hy@SavedSpaceFactor=\count336
 (/usr/local/texlive/2022/texmf-dist/tex/latex/hyperref/puenc.def
File: puenc.def 2022-02-21 v7.00n Hyperref: PDF Unicode definition (HO)
)
Package hyperref Info: Hyper figures OFF on input line 4137.
Package hyperref Info: Link nesting OFF on input line 4142.
Package hyperref Info: Hyper index ON on input line 4145.
Package hyperref Info: Plain pages OFF on input line 4152.
Package hyperref Info: Backreferencing OFF on input line 4157.
Package hyperref Info: Implicit mode ON; LaTeX internals redefined.
Package hyperref Info: Bookmarks ON on input line 4390.
\c@Hy@tempcnt=\count337
LaTeX Info: Redefining \url on input line 4749.
\XeTeXLinkMargin=\dimen195
Requested font "pzdr" at 0.00002pt
 -> /usr/local/texlive/2022/texmf-dist/fonts/tfm/adobe/zapfding/pzdr.tfm
 (/usr/local/texlive/2022/texmf-dist/tex/generic/bitset/bitset.sty
Package: bitset 2019/12/09 v1.3 Handle bit-vector datatype (HO)
 (/usr/local/texlive/2022/texmf-dist/tex/generic/bigintcalc/bigintcalc.sty
Package: bigintcalc 2019/12/15 v1.5 Expandable calculations on big integers (HO)
))
\Fld@menulength=\count338
\Field@Width=\dimen196
\Fld@charsize=\dimen197
Package hyperref Info: Hyper figures OFF on input line 6027.
Package hyperref Info: Link nesting OFF on input line 6032.
Package hyperref Info: Hyper index ON on input line 6035.
Package hyperref Info: backreferencing OFF on input line 6042.
Package hyperref Info: Link coloring OFF on input line 6047.
Package hyperref Info: Link coloring with OCG OFF on input line 6052.
Package hyperref Info: PDF/A mode OFF on input line 6057.
LaTeX Info: Redefining \ref on input line 6097.
LaTeX Info: Redefining \pageref on input line 6101.
 (/usr/local/texlive/2022/texmf-dist/tex/latex/base/atbegshi-ltx.sty
Package: atbegshi-ltx 2021/01/10 v1.0c Emulation of the original atbegshi
package with kernel methods
)
\Hy@abspage=\count339
\c@Item=\count340
\c@Hfootnote=\count341
)
Package hyperref Info: Driver (autodetected): hxetex.
 (/usr/local/texlive/2022/texmf-dist/tex/latex/hyperref/hxetex.def
File: hxetex.def 2022-02-21 v7.00n Hyperref driver for XeTeX
 (/usr/local/texlive/2022/texmf-dist/tex/generic/stringenc/stringenc.sty
Package: stringenc 2019/11/29 v1.12 Convert strings between diff. encodings (HO)
)
\pdfm@box=\box75
\c@Hy@AnnotLevel=\count342
\HyField@AnnotCount=\count343
\Fld@listcount=\count344
\c@bookmark@seq@number=\count345
 (/usr/local/texlive/2022/texmf-dist/tex/latex/rerunfilecheck/rerunfilecheck.sty
Package: rerunfilecheck 2019/12/05 v1.9 Rerun checks for auxiliary files (HO)
 (/usr/local/texlive/2022/texmf-dist/tex/latex/base/atveryend-ltx.sty
Package: atveryend-ltx 2020/08/19 v1.0a Emulation of the original atveryend package
with kernel methods
) (/usr/local/texlive/2022/texmf-dist/tex/generic/uniquecounter/uniquecounter.sty
Package: uniquecounter 2019/12/15 v1.4 Provide unlimited unique counter (HO)
)
Package uniquecounter Info: New unique counter `rerunfilecheck' on input line 286.
)
\Hy@SectionHShift=\skip69
) (/usr/local/texlive/2022/texmf-dist/tex/latex/tools/multicol.sty
Package: multicol 2021/10/28 v1.9b multicolumn formatting (FMi)
\c@tracingmulticols=\count346
\mult@box=\box76
\multicol@leftmargin=\dimen198
\c@unbalance=\count347
\c@collectmore=\count348
\doublecol@number=\count349
\multicoltolerance=\count350
\multicolpretolerance=\count351
\full@width=\dimen199
\page@free=\dimen256
\premulticols=\dimen257
\postmulticols=\dimen258
\multicolsep=\skip70
\multicolbaselineskip=\skip71
\partial@page=\box77
\last@line=\box78
\maxbalancingoverflow=\dimen259
\mult@rightbox=\box79
\mult@grightbox=\box80
\mult@firstbox=\box81
\mult@gfirstbox=\box82
\@tempa=\box83
\@tempa=\box84
\@tempa=\box85
\@tempa=\box86
\@tempa=\box87
\@tempa=\box88
\@tempa=\box89
\@tempa=\box90
\@tempa=\box91
\@tempa=\box92
\@tempa=\box93
\@tempa=\box94
\@tempa=\box95
\@tempa=\box96
\@tempa=\box97
\@tempa=\box98
\@tempa=\box99
\@tempa=\box100
\@tempa=\box101
\@tempa=\box102
\@tempa=\box103
\@tempa=\box104
\@tempa=\box105
\@tempa=\box106
\@tempa=\box107
\@tempa=\box108
\@tempa=\box109
\@tempa=\box110
\@tempa=\box111
\@tempa=\box112
\@tempa=\box113
\@tempa=\box114
\@tempa=\box115
\@tempa=\box116
\@tempa=\box117
\@tempa=\box118
\c@minrows=\count352
\c@columnbadness=\count353
\c@finalcolumnbadness=\count354
\last@try=\dimen260
\multicolovershoot=\dimen261
\multicolundershoot=\dimen262
\mult@nat@firstbox=\box119
\colbreak@box=\box120
\mc@col@check@num=\count355
) (/usr/local/texlive/2022/texmf-dist/tex/latex/caption/subcaption.sty
Package: subcaption 2022/01/07 v1.5 Sub-captions (AR)
 (/usr/local/texlive/2022/texmf-dist/tex/latex/caption/caption.sty
Package: caption 2022/03/01 v3.6b Customizing captions (AR)
 (/usr/local/texlive/2022/texmf-dist/tex/latex/caption/caption3.sty
Package: caption3 2022/03/17 v2.3b caption3 kernel (AR)
\caption@tempdima=\dimen263
\captionmargin=\dimen264
\caption@leftmargin=\dimen265
\caption@rightmargin=\dimen266
\caption@width=\dimen267
\caption@indent=\dimen268
\caption@parindent=\dimen269
\caption@hangindent=\dimen270
Package caption Info: Unknown document class (or package),
(caption)             standard defaults will be used.
Package caption Info: \@makecaption = \long macro:#1#2->\captionstyle \ifx \@captype \fig@type \vskip \figcapgap \fi \setbox \@tempboxa \hbox {{\floatlegendstyle #1\floatcounterend }\capstrut #2}\ifdim \wd \@tempboxa >\hsize {\floatlegendstyle #1\floatcounterend }\capstrut #2\par \else \hbox to\hsize {\leftlegendglue \unhbox \@tempboxa \hfil }\fi \ifx \@captype \fig@type \else \vskip \tabcapgap \fi  on input line 1176.
)

Package caption Warning: Unknown document class (or package),
(caption)                standard defaults will be used.
See the caption package documentation for explanation.

\c@caption@flags=\count356
\c@continuedfloat=\count357
Package caption Info: hyperref package is loaded.
Package caption Info: longtable package is loaded.
(/usr/local/texlive/2022/texmf-dist/tex/latex/caption/ltcaption.sty
Package: ltcaption 2021/01/08 v1.4c longtable captions (AR)
))
\c@subfigure=\count358
\c@subtable=\count359
)
\c@currassumptionctr=\count360
\c@endassumptionctr=\count361
\c@assumption=\count362
 (/usr/local/texlive/2022/texmf-dist/tex/latex/listings/listings.sty
\lst@mode=\count363
\lst@gtempboxa=\box121
\lst@token=\toks53
\lst@length=\count364
\lst@currlwidth=\dimen271
\lst@column=\count365
\lst@pos=\count366
\lst@lostspace=\dimen272
\lst@width=\dimen273
\lst@newlines=\count367
\lst@lineno=\count368
\lst@maxwidth=\dimen274
 (/usr/local/texlive/2022/texmf-dist/tex/latex/listings/lstmisc.sty
File: lstmisc.sty 2020/03/24 1.8d (Carsten Heinz)
\c@lstnumber=\count369
\lst@skipnumbers=\count370
\lst@framebox=\box122
) (/usr/local/texlive/2022/texmf-dist/tex/latex/listings/listings.cfg
File: listings.cfg 2020/03/24 1.8d listings configuration
))
Package: listings 2020/03/24 1.8d (Carsten Heinz)
) (/usr/local/texlive/2022/texmf-dist/tex/latex/newtx/TeXGyreTermesX.fontspec)
Requested font "[TeXGyreTermesX-Regular.otf]/OT" at 9.99997pt
 -> /usr/local/texlive/2022/texmf-dist/fonts/opentype/public/newtx/TeXGyreTermesX-Regular.otf
Requested font "[TeXGyreTermesX-Regular.otf]/OT" at 10.00003pt
 -> /usr/local/texlive/2022/texmf-dist/fonts/opentype/public/newtx/TeXGyreTermesX-Regular.otf
Requested font "[TeXGyreTermesX-Regular.otf]/OT:script=latn;language=dflt;" at 10.00003pt
 -> /usr/local/texlive/2022/texmf-dist/fonts/opentype/public/newtx/TeXGyreTermesX-Regular.otf
Requested font "[TeXGyreTermesX-Bold.otf]/OT:script=latn;language=dflt;" at 10.00003pt
 -> /usr/local/texlive/2022/texmf-dist/fonts/opentype/public/newtx/TeXGyreTermesX-Bold.otf
Requested font "[TeXGyreTermesX-Italic.otf]/OT:script=latn;language=dflt;" at 10.00003pt
 -> /usr/local/texlive/2022/texmf-dist/fonts/opentype/public/newtx/TeXGyreTermesX-Italic.otf
Requested font "[TeXGyreTermesX-Slanted.otf]/OT:script=latn;language=dflt;" at 10.00003pt
 -> /usr/local/texlive/2022/texmf-dist/fonts/opentype/public/newtx/TeXGyreTermesX-Slanted.otf
Requested font "[TeXGyreTermesX-BoldItalic.otf]/OT:script=latn;language=dflt;" at 10.00003pt
 -> /usr/local/texlive/2022/texmf-dist/fonts/opentype/public/newtx/TeXGyreTermesX-BoldItalic.otf
Requested font "[TeXGyreTermesX-BoldSlanted.otf]/OT:script=latn;language=dflt;" at 10.00003pt
 -> /usr/local/texlive/2022/texmf-dist/fonts/opentype/public/newtx/TeXGyreTermesX-BoldSlanted.otf

Package fontspec Info: Font family 'TeXGyreTermesX(0)' created for font
(fontspec)             'TeXGyreTermesX' with options [Ligatures = TeX,Scale =
(fontspec)             1,Extension = .otf,SmallCapsFeatures={RawFeature =
(fontspec)             +pcap, },RawFeature=-ss05,Ligatures=TeX,Extension =
(fontspec)             .otf,UprightFont = TeXGyreTermesX-Regular,BoldFont =
(fontspec)             TeXGyreTermesX-Bold,ItalicFont =
(fontspec)             TeXGyreTermesX-Italic,BoldItalicFont =
(fontspec)             TeXGyreTermesX-BoldItalic,SlantedFont =
(fontspec)             *-Slanted,BoldSlantedFont= *-BoldSlanted,Numbers =
(fontspec)             {Monospaced,Lining},UprightFont = *-Regular,ItalicFont
(fontspec)             = *-Italic,BoldFont = *-Bold,BoldItalicFont =
(fontspec)             *-BoldItalic,SlantedFont = *-Slanted,BoldSlantedFont=
(fontspec)             *-BoldSlanted].
(fontspec)              
(fontspec)              This font family consists of the following NFSS
(fontspec)             series/shapes:
(fontspec)              
(fontspec)             - 'normal' (m/n) with NFSS spec.:
(fontspec)             <->s*[1]"[TeXGyreTermesX-Regular.otf]/OT:script=latn;language=dflt;-ss05;+tnum;+lnum;mapping=tex-text;"
(fontspec)             - 'small caps'  (m/sc) with NFSS spec.:
(fontspec)             <->s*[1]"[TeXGyreTermesX-Regular.otf]/OT:script=latn;language=dflt;-ss05;+tnum;+lnum;+smcp;+pcap;mapping=tex-text;"
(fontspec)             - 'bold' (b/n) with NFSS spec.:
(fontspec)             <->s*[1]"[TeXGyreTermesX-Bold.otf]/OT:script=latn;language=dflt;-ss05;+tnum;+lnum;mapping=tex-text;"
(fontspec)             - 'bold small caps'  (b/sc) with NFSS spec.:
(fontspec)             <->s*[1]"[TeXGyreTermesX-Bold.otf]/OT:script=latn;language=dflt;-ss05;+tnum;+lnum;+smcp;+pcap;mapping=tex-text;"
(fontspec)             - 'italic' (m/it) with NFSS spec.:
(fontspec)             <->s*[1]"[TeXGyreTermesX-Italic.otf]/OT:script=latn;language=dflt;-ss05;+tnum;+lnum;mapping=tex-text;"
(fontspec)             - 'italic small caps'  (m/scit) with NFSS spec.:
(fontspec)             <->s*[1]"[TeXGyreTermesX-Italic.otf]/OT:script=latn;language=dflt;-ss05;+tnum;+lnum;+smcp;+pcap;mapping=tex-text;"
(fontspec)             - 'slanted' (m/sl) with NFSS spec.:
(fontspec)             <->s*[1]"[TeXGyreTermesX-Slanted.otf]/OT:script=latn;language=dflt;-ss05;+tnum;+lnum;mapping=tex-text;"
(fontspec)             - 'slanted small caps'  (m/scsl) with NFSS spec.:
(fontspec)             <->s*[1]"[TeXGyreTermesX-Slanted.otf]/OT:script=latn;language=dflt;-ss05;+tnum;+lnum;+smcp;+pcap;mapping=tex-text;"
(fontspec)             - 'bold italic' (b/it) with NFSS spec.:
(fontspec)             <->s*[1]"[TeXGyreTermesX-BoldItalic.otf]/OT:script=latn;language=dflt;-ss05;+tnum;+lnum;mapping=tex-text;"
(fontspec)             - 'bold italic small caps'  (b/scit) with NFSS spec.:
(fontspec)             <->s*[1]"[TeXGyreTermesX-BoldItalic.otf]/OT:script=latn;language=dflt;-ss05;+tnum;+lnum;+smcp;+pcap;mapping=tex-text;"
(fontspec)             - 'bold slanted' (b/sl) with NFSS spec.:
(fontspec)             <->s*[1]"[TeXGyreTermesX-BoldSlanted.otf]/OT:script=latn;language=dflt;-ss05;+tnum;+lnum;mapping=tex-text;"
(fontspec)             - 'bold slanted small caps'  (b/scsl) with NFSS spec.:
(fontspec)             <->s*[1]"[TeXGyreTermesX-BoldSlanted.otf]/OT:script=latn;language=dflt;-ss05;+tnum;+lnum;+smcp;+pcap;mapping=tex-text;"

LaTeX Font Info:    Font shape `TU/TeXGyreTermesX(0)/m/n' will be
(Font)              scaled to size 10.0pt on input line 4.
Requested font "[TeXGyreTermesX-Regular.otf]/OT:script=latn;language=dflt;-ss05;+tnum;+lnum;mapping=tex-text;" at 10.0pt
 -> /usr/local/texlive/2022/texmf-dist/fonts/opentype/public/newtx/TeXGyreTermesX-Regular.otf
 (./docnumsim7_en.aux)
\openout1 = `docnumsim7_en.aux'.

LaTeX Font Info:    Checking defaults for OML/ntxmi/m/it on input line 4.
LaTeX Font Info:    Trying to load font information for OML+ntxmi on input line 4.
 (/usr/local/texlive/2022/texmf-dist/tex/latex/newtx/omlntxmi.fd
File: omlntxmi.fd 2015/08/25 Fontinst v1.933 font definitions for OML/ntxmi.
)
LaTeX Font Info:    ... okay on input line 4.
LaTeX Font Info:    Checking defaults for OMS/cmsy/m/n on input line 4.
LaTeX Font Info:    ... okay on input line 4.
LaTeX Font Info:    Checking defaults for OT1/cmr/m/n on input line 4.
LaTeX Font Info:    ... okay on input line 4.
LaTeX Font Info:    Checking defaults for T1/cmr/m/n on input line 4.
LaTeX Font Info:    ... okay on input line 4.
LaTeX Font Info:    Checking defaults for TS1/cmr/m/n on input line 4.
LaTeX Font Info:    Trying to load font information for TS1+cmr on input line 4.
 (/usr/local/texlive/2022/texmf-dist/tex/latex/base/ts1cmr.fd
File: ts1cmr.fd 2019/12/16 v2.5j Standard LaTeX font definitions
)
LaTeX Font Info:    ... okay on input line 4.
LaTeX Font Info:    Checking defaults for TU/lmr/m/n on input line 4.
LaTeX Font Info:    ... okay on input line 4.
LaTeX Font Info:    Checking defaults for OMX/cmex/m/n on input line 4.
LaTeX Font Info:    ... okay on input line 4.
LaTeX Font Info:    Checking defaults for U/ntxexa/m/n on input line 4.
LaTeX Font Info:    Trying to load font information for U+ntxexa on input line 4.
 (/usr/local/texlive/2022/texmf-dist/tex/latex/newtx/untxexa.fd
File: untxexa.fd 2012/04/16 Fontinst v1.933 font definitions for U/ntxexa.
)
LaTeX Font Info:    ... okay on input line 4.
LaTeX Font Info:    Checking defaults for LMS/ntxsy/m/n on input line 4.
LaTeX Font Info:    Trying to load font information for LMS+ntxsy on input line 4.
 (/usr/local/texlive/2022/texmf-dist/tex/latex/newtx/lmsntxsy.fd
File: lmsntxsy.fd 2016/07/02 Fontinst v1.933 font definitions for LMS/ntxsy.
)
LaTeX Font Info:    ... okay on input line 4.
LaTeX Font Info:    Checking defaults for LMX/ntxexx/m/n on input line 4.
LaTeX Font Info:    Trying to load font information for LMX+ntxexx on input line 4.
 (/usr/local/texlive/2022/texmf-dist/tex/latex/newtx/lmxntxexx.fd
File: lmxntxexx.fd 2016/07/03 Fontinst v1.933 font definitions for LMX/ntxexx.
)
LaTeX Font Info:    ... okay on input line 4.
LaTeX Font Info:    Checking defaults for PD1/pdf/m/n on input line 4.
LaTeX Font Info:    ... okay on input line 4.
LaTeX Font Info:    Checking defaults for PU/pdf/m/n on input line 4.
LaTeX Font Info:    ... okay on input line 4.
Package hyperref Info: Link coloring OFF on input line 4.
 (/usr/local/texlive/2022/texmf-dist/tex/latex/hyperref/nameref.sty
Package: nameref 2021-04-02 v2.47 Cross-referencing by name of section
 (/usr/local/texlive/2022/texmf-dist/tex/latex/refcount/refcount.sty
Package: refcount 2019/12/15 v3.6 Data extraction from label references (HO)
) (/usr/local/texlive/2022/texmf-dist/tex/generic/gettitlestring/gettitlestring.sty
Package: gettitlestring 2019/12/15 v1.6 Cleanup title references (HO)
)
\c@section@level=\count371
)
LaTeX Info: Redefining \ref on input line 4.
LaTeX Info: Redefining \pageref on input line 4.
LaTeX Info: Redefining \nameref on input line 4.
\@outlinefile=\write4
\openout4 = `docnumsim7_en.out'.



Package hyperref Warning: Rerun to get /PageLabels entry.

Package caption Info: Begin \AtBeginDocument code.
Package caption Info: listings package is loaded.
Package caption Info: End \AtBeginDocument code.
\c@lstlisting=\count372
Chapter 1.
LaTeX Font Info:    Font shape `TU/TeXGyreTermesX(0)/m/n' will be
(Font)              scaled to size 14.0pt on input line 7.
Requested font "[TeXGyreTermesX-Regular.otf]/OT:script=latn;language=dflt;-ss05;+tnum;+lnum;mapping=tex-text;" at 14.0pt
 -> /usr/local/texlive/2022/texmf-dist/fonts/opentype/public/newtx/TeXGyreTermesX-Regular.otf
LaTeX Font Info:    Font shape `TU/TeXGyreTermesX(0)/b/n' will be
(Font)              scaled to size 14.0pt on input line 7.
Requested font "[TeXGyreTermesX-Bold.otf]/OT:script=latn;language=dflt;-ss05;+tnum;+lnum;mapping=tex-text;" at 14.0pt
 -> /usr/local/texlive/2022/texmf-dist/fonts/opentype/public/newtx/TeXGyreTermesX-Bold.otf
LaTeX Font Info:    Font shape `TU/TeXGyreTermesX(0)/b/n' will be
(Font)              scaled to size 16.0pt on input line 7.
Requested font "[TeXGyreTermesX-Bold.otf]/OT:script=latn;language=dflt;-ss05;+tnum;+lnum;mapping=tex-text;" at 16.0pt
 -> /usr/local/texlive/2022/texmf-dist/fonts/opentype/public/newtx/TeXGyreTermesX-Bold.otf
LaTeX Font Info:    Trying to load font information for OT1+minntx on input line 7.
(/usr/local/texlive/2022/texmf-dist/tex/latex/newtx/ot1minntx.fd
File: ot1minntx.fd 2022/01/20 v1.0 font definition file for OT1/minntx
)
Requested font "ntx-Regular-tlf-ot1" at 10.0pt
 -> /usr/local/texlive/2022/texmf-dist/fonts/tfm/public/newtx/ntx-Regular-tlf-ot1.tfm
Requested font "ntx-Regular-tlf-ot1" at 7.3pt
 -> /usr/local/texlive/2022/texmf-dist/fonts/tfm/public/newtx/ntx-Regular-tlf-ot1.tfm
Requested font "ntx-Regular-tlf-ot1" at 5.5pt
 -> /usr/local/texlive/2022/texmf-dist/fonts/tfm/public/newtx/ntx-Regular-tlf-ot1.tfm
Requested font "ntxmi0" at 10.0pt
 -> /usr/local/texlive/2022/texmf-dist/fonts/tfm/public/newtx/ntxmi0.tfm
Requested font "ntxmi07" at 7.3pt
 -> /usr/local/texlive/2022/texmf-dist/fonts/tfm/public/newtx/ntxmi07.tfm
Requested font "ntxmi05" at 5.5pt
 -> /usr/local/texlive/2022/texmf-dist/fonts/tfm/public/newtx/ntxmi05.tfm
Requested font "ntxsy" at 10.0pt
 -> /usr/local/texlive/2022/texmf-dist/fonts/tfm/public/newtx/ntxsy.tfm
Requested font "ntxsy7" at 7.3pt
 -> /usr/local/texlive/2022/texmf-dist/fonts/tfm/public/newtx/ntxsy7.tfm
Requested font "ntxsy5" at 5.5pt
 -> /usr/local/texlive/2022/texmf-dist/fonts/tfm/public/newtx/ntxsy5.tfm
Requested font "ntxexx" at 10.0pt
 -> /usr/local/texlive/2022/texmf-dist/fonts/tfm/public/newtx/ntxexx.tfm
Requested font "ntxexx" at 7.3pt
 -> /usr/local/texlive/2022/texmf-dist/fonts/tfm/public/newtx/ntxexx.tfm
Requested font "ntxexx" at 5.5pt
 -> /usr/local/texlive/2022/texmf-dist/fonts/tfm/public/newtx/ntxexx.tfm
LaTeX Font Info:    Trying to load font information for U+ntxmia on input line 7.
 (/usr/local/texlive/2022/texmf-dist/tex/latex/newtx/untxmia.fd
File: untxmia.fd 2018/04/14 Fontinst v1.933 font definitions for U/ntxmia.
)
Requested font "ntxmia" at 10.0pt
 -> /usr/local/texlive/2022/texmf-dist/fonts/tfm/public/newtx/ntxmia.tfm
Requested font "ntxmia" at 7.3pt
 -> /usr/local/texlive/2022/texmf-dist/fonts/tfm/public/newtx/ntxmia.tfm
Requested font "ntxmia" at 5.5pt
 -> /usr/local/texlive/2022/texmf-dist/fonts/tfm/public/newtx/ntxmia.tfm
LaTeX Font Info:    Trying to load font information for U+ntxsym on input line 7.
 (/usr/local/texlive/2022/texmf-dist/tex/latex/newtx/untxsym.fd
File: untxsym.fd 2015/03/20 Fontinst v1.933 font definitions for U/ntxsym.
)
Requested font "ntxsym" at 10.0pt
 -> /usr/local/texlive/2022/texmf-dist/fonts/tfm/public/newtx/ntxsym.tfm
Requested font "ntxsym" at 7.3pt
 -> /usr/local/texlive/2022/texmf-dist/fonts/tfm/public/newtx/ntxsym.tfm
Requested font "ntxsym" at 5.5pt
 -> /usr/local/texlive/2022/texmf-dist/fonts/tfm/public/newtx/ntxsym.tfm
LaTeX Font Info:    Trying to load font information for U+ntxsyc on input line 7.
 (/usr/local/texlive/2022/texmf-dist/tex/latex/newtx/untxsyc.fd
File: untxsyc.fd 2012/04/12 Fontinst v1.933 font definitions for U/ntxsyc.
)
Requested font "ntxsyc" at 10.0pt
 -> /usr/local/texlive/2022/texmf-dist/fonts/tfm/public/newtx/ntxsyc.tfm
Requested font "ntxsyc" at 7.3pt
 -> /usr/local/texlive/2022/texmf-dist/fonts/tfm/public/newtx/ntxsyc.tfm
Requested font "ntxsyc" at 5.5pt
 -> /usr/local/texlive/2022/texmf-dist/fonts/tfm/public/newtx/ntxsyc.tfm
Requested font "ntxexa" at 10.0pt
 -> /usr/local/texlive/2022/texmf-dist/fonts/tfm/public/newtx/ntxexa.tfm
Requested font "ntxexa" at 7.3pt
 -> /usr/local/texlive/2022/texmf-dist/fonts/tfm/public/newtx/ntxexa.tfm
Requested font "ntxexa" at 5.5pt
 -> /usr/local/texlive/2022/texmf-dist/fonts/tfm/public/newtx/ntxexa.tfm
LaTeX Font Info:    Font shape `TU/TeXGyreTermesX(0)/b/n' will be
(Font)              scaled to size 10.0pt on input line 13.
Requested font "[TeXGyreTermesX-Bold.otf]/OT:script=latn;language=dflt;-ss05;+tnum;+lnum;mapping=tex-text;" at 10.0pt
 -> /usr/local/texlive/2022/texmf-dist/fonts/opentype/public/newtx/TeXGyreTermesX-Bold.otf


LaTeX Warning: Reference `sec:howtocal' on page 1 undefined on input line 13.


LaTeX Warning: Reference `sec:powflow' on page 1 undefined on input line 15.


LaTeX Warning: Reference `sec:paradef' on page 1 undefined on input line 17.


LaTeX Warning: Reference `sec:numsimtr' on page 1 undefined on input line 22.


LaTeX Warning: Reference `sec:phsync' on page 1 undefined on input line 25.

LaTeX Font Info:    Font shape `TU/TeXGyreTermesX(0)/m/n' will be
(Font)              scaled to size 12.0pt on input line 30.
Requested font "[TeXGyreTermesX-Regular.otf]/OT:script=latn;language=dflt;-ss05;+tnum;+lnum;mapping=tex-text;" at 12.0pt
 -> /usr/local/texlive/2022/texmf-dist/fonts/opentype/public/newtx/TeXGyreTermesX-Regular.otf
LaTeX Font Info:    Font shape `TU/TeXGyreTermesX(0)/b/n' will be
(Font)              scaled to size 12.0pt on input line 30.
Requested font "[TeXGyreTermesX-Bold.otf]/OT:script=latn;language=dflt;-ss05;+tnum;+lnum;mapping=tex-text;" at 12.0pt
 -> /usr/local/texlive/2022/texmf-dist/fonts/opentype/public/newtx/TeXGyreTermesX-Bold.otf
LaTeX Font Info:    Font shape `TU/TeXGyreTermesX(0)/m/n' will be
(Font)              scaled to size 11.0pt on input line 32.
Requested font "[TeXGyreTermesX-Regular.otf]/OT:script=latn;language=dflt;-ss05;+tnum;+lnum;mapping=tex-text;" at 11.0pt
 -> /usr/local/texlive/2022/texmf-dist/fonts/opentype/public/newtx/TeXGyreTermesX-Regular.otf
LaTeX Font Info:    Font shape `TU/TeXGyreTermesX(0)/b/n' will be
(Font)              scaled to size 11.0pt on input line 32.
Requested font "[TeXGyreTermesX-Bold.otf]/OT:script=latn;language=dflt;-ss05;+tnum;+lnum;mapping=tex-text;" at 11.0pt
 -> /usr/local/texlive/2022/texmf-dist/fonts/opentype/public/newtx/TeXGyreTermesX-Bold.otf

LaTeX Warning: Reference `ch:model' on page 1 undefined on input line 34.

LaTeX Font Info:    Font shape `TU/TeXGyreTermesX(0)/m/n' will be
(Font)              scaled to size 8.5pt on input line 46.
Requested font "[TeXGyreTermesX-Regular.otf]/OT:script=latn;language=dflt;-ss05;+tnum;+lnum;mapping=tex-text;" at 8.5pt
 -> /usr/local/texlive/2022/texmf-dist/fonts/opentype/public/newtx/TeXGyreTermesX-Regular.otf
[1



]

LaTeX Warning: Reference `sec:paradef' on page 2 undefined on input line 88.

[2]

LaTeX Warning: Reference `sec:numstep' on page 3 undefined on input line 124.

Requested font "ntx-Bold-tlf-ot1" at 10.0pt
 -> /usr/local/texlive/2022/texmf-dist/fonts/tfm/public/newtx/ntx-Bold-tlf-ot1.tfm
Requested font "ntx-Bold-tlf-ot1" at 7.3pt
 -> /usr/local/texlive/2022/texmf-dist/fonts/tfm/public/newtx/ntx-Bold-tlf-ot1.tfm
Requested font "ntx-Bold-tlf-ot1" at 5.5pt
 -> /usr/local/texlive/2022/texmf-dist/fonts/tfm/public/newtx/ntx-Bold-tlf-ot1.tfm
Requested font "ntxbmi0" at 10.0pt
 -> /usr/local/texlive/2022/texmf-dist/fonts/tfm/public/newtx/ntxbmi0.tfm
Requested font "ntxbmi07" at 7.3pt
 -> /usr/local/texlive/2022/texmf-dist/fonts/tfm/public/newtx/ntxbmi07.tfm
Requested font "ntxbmi05" at 5.5pt
 -> /usr/local/texlive/2022/texmf-dist/fonts/tfm/public/newtx/ntxbmi05.tfm
Requested font "ntxbsy" at 10.0pt
 -> /usr/local/texlive/2022/texmf-dist/fonts/tfm/public/newtx/ntxbsy.tfm
Requested font "ntxbsy7" at 7.3pt
 -> /usr/local/texlive/2022/texmf-dist/fonts/tfm/public/newtx/ntxbsy7.tfm
Requested font "ntxbsy5" at 5.5pt
 -> /usr/local/texlive/2022/texmf-dist/fonts/tfm/public/newtx/ntxbsy5.tfm
Requested font "ntxbexx" at 10.0pt
 -> /usr/local/texlive/2022/texmf-dist/fonts/tfm/public/newtx/ntxbexx.tfm
Requested font "ntxbexx" at 7.3pt
 -> /usr/local/texlive/2022/texmf-dist/fonts/tfm/public/newtx/ntxbexx.tfm
Requested font "ntxbexx" at 5.5pt
 -> /usr/local/texlive/2022/texmf-dist/fonts/tfm/public/newtx/ntxbexx.tfm
Requested font "ntxbmia" at 10.0pt
 -> /usr/local/texlive/2022/texmf-dist/fonts/tfm/public/newtx/ntxbmia.tfm
Requested font "ntxbmia" at 7.3pt
 -> /usr/local/texlive/2022/texmf-dist/fonts/tfm/public/newtx/ntxbmia.tfm
Requested font "ntxbmia" at 5.5pt
 -> /usr/local/texlive/2022/texmf-dist/fonts/tfm/public/newtx/ntxbmia.tfm
Requested font "ntxbsym" at 10.0pt
 -> /usr/local/texlive/2022/texmf-dist/fonts/tfm/public/newtx/ntxbsym.tfm
Requested font "ntxbsym" at 7.3pt
 -> /usr/local/texlive/2022/texmf-dist/fonts/tfm/public/newtx/ntxbsym.tfm
Requested font "ntxbsym" at 5.5pt
 -> /usr/local/texlive/2022/texmf-dist/fonts/tfm/public/newtx/ntxbsym.tfm
Requested font "ntxbsyc" at 10.0pt
 -> /usr/local/texlive/2022/texmf-dist/fonts/tfm/public/newtx/ntxbsyc.tfm
Requested font "ntxbsyc" at 7.3pt
 -> /usr/local/texlive/2022/texmf-dist/fonts/tfm/public/newtx/ntxbsyc.tfm
Requested font "ntxbsyc" at 5.5pt
 -> /usr/local/texlive/2022/texmf-dist/fonts/tfm/public/newtx/ntxbsyc.tfm
Requested font "ntxbexa" at 10.0pt
 -> /usr/local/texlive/2022/texmf-dist/fonts/tfm/public/newtx/ntxbexa.tfm
Requested font "ntxbexa" at 7.3pt
 -> /usr/local/texlive/2022/texmf-dist/fonts/tfm/public/newtx/ntxbexa.tfm
Requested font "ntxbexa" at 5.5pt
 -> /usr/local/texlive/2022/texmf-dist/fonts/tfm/public/newtx/ntxbexa.tfm

LaTeX Warning: Reference `eq:ohmY2' on page 3 undefined on input line 161.

[3]

LaTeX Warning: Reference `eq:ohmY2' on page 4 undefined on input line 183.


Package amsmath Warning: Cannot use `split' here;
(amsmath)                trying to recover with `aligned' on input line 192.


LaTeX Warning: Reference `eq:PQVgen' on page 4 undefined on input line 196.

File: figs/2busex.pdf Graphic file (type pdf)
<use figs/2busex.pdf>
LaTeX Font Info:    Font shape `TU/TeXGyreTermesX(0)/b/n' will be
(Font)              scaled to size 8.5pt on input line 217.
Requested font "[TeXGyreTermesX-Bold.otf]/OT:script=latn;language=dflt;-ss05;+tnum;+lnum;mapping=tex-text;" at 8.5pt
 -> /usr/local/texlive/2022/texmf-dist/fonts/opentype/public/newtx/TeXGyreTermesX-Bold.otf

Overfull \hbox (3.0pt too wide) detected at line 223
 [] 
 []

[4]

LaTeX Warning: Reference `fig:2buspf' on page 5 undefined on input line 226.


LaTeX Warning: Reference `eq:defPQVIi2' on page 5 undefined on input line 251.


LaTeX Warning: Reference `eq:exyIV' on page 5 undefined on input line 252.


LaTeX Warning: Reference `eq:PQcom' on page 5 undefined on input line 284.

Requested font "[lmsans10-regular]:mapping=tex-text;" at 10.0pt
 -> /usr/local/texlive/2022/texmf-dist/fonts/opentype/public/lm/lmsans10-regular.otf
Requested font "[lmsans8-regular]:mapping=tex-text;" at 7.3pt
 -> /usr/local/texlive/2022/texmf-dist/fonts/opentype/public/lm/lmsans8-regular.otf
Requested font "[lmsans8-regular]:mapping=tex-text;" at 5.5pt
 -> /usr/local/texlive/2022/texmf-dist/fonts/opentype/public/lm/lmsans8-regular.otf

LaTeX Warning: Reference `eq:PQreal' on page 5 undefined on input line 312.

[5]

LaTeX Warning: Reference `eq:PQreal' on page 6 undefined on input line 336.


LaTeX Warning: Reference `eq:Vequal' on page 6 undefined on input line 366.


LaTeX Warning: Reference `eq:P1P2ex' on page 6 undefined on input line 368.


LaTeX Warning: Reference `eq:P1P2ex' on page 6 undefined on input line 371.


LaTeX Warning: Reference `eq:PQpf' on page 6 undefined on input line 374.


LaTeX Warning: Reference `eq:P1P2ex' on page 6 undefined on input line 388.

[6]

LaTeX Warning: Reference `ex:2buspf' on page 7 undefined on input line 419.


LaTeX Warning: Reference `sec:numstep' on page 7 undefined on input line 446.


LaTeX Warning: Reference `sec:numstep' on page 7 undefined on input line 453.


LaTeX Warning: Reference `sec:paradef' on page 7 undefined on input line 455.


LaTeX Warning: Citation `ieejstandardmodel' on page 7 undefined on input line 471.


LaTeX Warning: Citation `athay1979practical' on page 7 undefined on input line 472.


LaTeX Warning: Citation `singh2013ieee' on page 7 undefined on input line 473.

[7]

LaTeX Warning: Reference `ex:2buspf' on page 8 undefined on input line 483.


LaTeX Warning: Reference `eq:PQVgen' on page 8 undefined on input line 486.


LaTeX Warning: Reference `eq:PQVgen' on page 8 undefined on input line 494.


LaTeX Warning: Reference `eq:PQVgen' on page 8 undefined on input line 515.

LaTeX Font Info:    Calculating math sizes for size <8.5> on input line 546.
Requested font "ntx-Regular-tlf-ot1" at 8.5pt
 -> /usr/local/texlive/2022/texmf-dist/fonts/tfm/public/newtx/ntx-Regular-tlf-ot1.tfm
Requested font "ntx-Regular-tlf-ot1" at 6.20496pt
 -> /usr/local/texlive/2022/texmf-dist/fonts/tfm/public/newtx/ntx-Regular-tlf-ot1.tfm
Requested font "ntx-Regular-tlf-ot1" at 4.67502pt
 -> /usr/local/texlive/2022/texmf-dist/fonts/tfm/public/newtx/ntx-Regular-tlf-ot1.tfm
Requested font "ntxmi07" at 8.5pt
 -> /usr/local/texlive/2022/texmf-dist/fonts/tfm/public/newtx/ntxmi07.tfm
Requested font "ntxmi05" at 6.20496pt
 -> /usr/local/texlive/2022/texmf-dist/fonts/tfm/public/newtx/ntxmi05.tfm
Requested font "ntxmi05" at 4.67502pt
 -> /usr/local/texlive/2022/texmf-dist/fonts/tfm/public/newtx/ntxmi05.tfm
Requested font "ntxsy7" at 8.5pt
 -> /usr/local/texlive/2022/texmf-dist/fonts/tfm/public/newtx/ntxsy7.tfm
Requested font "ntxsy5" at 6.20496pt
 -> /usr/local/texlive/2022/texmf-dist/fonts/tfm/public/newtx/ntxsy5.tfm
Requested font "ntxsy5" at 4.67502pt
 -> /usr/local/texlive/2022/texmf-dist/fonts/tfm/public/newtx/ntxsy5.tfm
Requested font "ntxexx" at 8.5pt
 -> /usr/local/texlive/2022/texmf-dist/fonts/tfm/public/newtx/ntxexx.tfm
Requested font "ntxexx" at 6.20496pt
 -> /usr/local/texlive/2022/texmf-dist/fonts/tfm/public/newtx/ntxexx.tfm
Requested font "ntxexx" at 4.67502pt
 -> /usr/local/texlive/2022/texmf-dist/fonts/tfm/public/newtx/ntxexx.tfm
Requested font "[lmsans9-regular]:mapping=tex-text;" at 8.5pt
 -> /usr/local/texlive/2022/texmf-dist/fonts/opentype/public/lm/lmsans9-regular.otf
Requested font "[lmsans8-regular]:mapping=tex-text;" at 6.20496pt
 -> /usr/local/texlive/2022/texmf-dist/fonts/opentype/public/lm/lmsans8-regular.otf
Requested font "[lmsans8-regular]:mapping=tex-text;" at 4.67502pt
 -> /usr/local/texlive/2022/texmf-dist/fonts/opentype/public/lm/lmsans8-regular.otf
Requested font "ntxmia" at 8.5pt
 -> /usr/local/texlive/2022/texmf-dist/fonts/tfm/public/newtx/ntxmia.tfm
Requested font "ntxmia" at 6.20496pt
 -> /usr/local/texlive/2022/texmf-dist/fonts/tfm/public/newtx/ntxmia.tfm
Requested font "ntxmia" at 4.67502pt
 -> /usr/local/texlive/2022/texmf-dist/fonts/tfm/public/newtx/ntxmia.tfm
Requested font "ntxsym" at 8.5pt
 -> /usr/local/texlive/2022/texmf-dist/fonts/tfm/public/newtx/ntxsym.tfm
Requested font "ntxsym" at 6.20496pt
 -> /usr/local/texlive/2022/texmf-dist/fonts/tfm/public/newtx/ntxsym.tfm
Requested font "ntxsym" at 4.67502pt
 -> /usr/local/texlive/2022/texmf-dist/fonts/tfm/public/newtx/ntxsym.tfm
Requested font "ntxsyc" at 8.5pt
 -> /usr/local/texlive/2022/texmf-dist/fonts/tfm/public/newtx/ntxsyc.tfm
Requested font "ntxsyc" at 6.20496pt
 -> /usr/local/texlive/2022/texmf-dist/fonts/tfm/public/newtx/ntxsyc.tfm
Requested font "ntxsyc" at 4.67502pt
 -> /usr/local/texlive/2022/texmf-dist/fonts/tfm/public/newtx/ntxsyc.tfm
Requested font "ntxexa" at 8.5pt
 -> /usr/local/texlive/2022/texmf-dist/fonts/tfm/public/newtx/ntxexa.tfm
Requested font "ntxexa" at 6.20496pt
 -> /usr/local/texlive/2022/texmf-dist/fonts/tfm/public/newtx/ntxexa.tfm
Requested font "ntxexa" at 4.67502pt
 -> /usr/local/texlive/2022/texmf-dist/fonts/tfm/public/newtx/ntxexa.tfm
Requested font "ntx-Bold-tlf-ot1" at 8.5pt
 -> /usr/local/texlive/2022/texmf-dist/fonts/tfm/public/newtx/ntx-Bold-tlf-ot1.tfm
Requested font "ntx-Bold-tlf-ot1" at 6.20496pt
 -> /usr/local/texlive/2022/texmf-dist/fonts/tfm/public/newtx/ntx-Bold-tlf-ot1.tfm
Requested font "ntx-Bold-tlf-ot1" at 4.67502pt
 -> /usr/local/texlive/2022/texmf-dist/fonts/tfm/public/newtx/ntx-Bold-tlf-ot1.tfm
Requested font "ntxbmi07" at 8.5pt
 -> /usr/local/texlive/2022/texmf-dist/fonts/tfm/public/newtx/ntxbmi07.tfm
Requested font "ntxbmi05" at 6.20496pt
 -> /usr/local/texlive/2022/texmf-dist/fonts/tfm/public/newtx/ntxbmi05.tfm
Requested font "ntxbmi05" at 4.67502pt
 -> /usr/local/texlive/2022/texmf-dist/fonts/tfm/public/newtx/ntxbmi05.tfm
Requested font "ntxbsy7" at 8.5pt
 -> /usr/local/texlive/2022/texmf-dist/fonts/tfm/public/newtx/ntxbsy7.tfm
Requested font "ntxbsy5" at 6.20496pt
 -> /usr/local/texlive/2022/texmf-dist/fonts/tfm/public/newtx/ntxbsy5.tfm
Requested font "ntxbsy5" at 4.67502pt
 -> /usr/local/texlive/2022/texmf-dist/fonts/tfm/public/newtx/ntxbsy5.tfm
Requested font "ntxbexx" at 8.5pt
 -> /usr/local/texlive/2022/texmf-dist/fonts/tfm/public/newtx/ntxbexx.tfm
Requested font "ntxbexx" at 6.20496pt
 -> /usr/local/texlive/2022/texmf-dist/fonts/tfm/public/newtx/ntxbexx.tfm
Requested font "ntxbexx" at 4.67502pt
 -> /usr/local/texlive/2022/texmf-dist/fonts/tfm/public/newtx/ntxbexx.tfm
Requested font "ntxbmia" at 8.5pt
 -> /usr/local/texlive/2022/texmf-dist/fonts/tfm/public/newtx/ntxbmia.tfm
Requested font "ntxbmia" at 6.20496pt
 -> /usr/local/texlive/2022/texmf-dist/fonts/tfm/public/newtx/ntxbmia.tfm
Requested font "ntxbmia" at 4.67502pt
 -> /usr/local/texlive/2022/texmf-dist/fonts/tfm/public/newtx/ntxbmia.tfm
Requested font "ntxbsym" at 8.5pt
 -> /usr/local/texlive/2022/texmf-dist/fonts/tfm/public/newtx/ntxbsym.tfm
Requested font "ntxbsym" at 6.20496pt
 -> /usr/local/texlive/2022/texmf-dist/fonts/tfm/public/newtx/ntxbsym.tfm
Requested font "ntxbsym" at 4.67502pt
 -> /usr/local/texlive/2022/texmf-dist/fonts/tfm/public/newtx/ntxbsym.tfm
Requested font "ntxbsyc" at 8.5pt
 -> /usr/local/texlive/2022/texmf-dist/fonts/tfm/public/newtx/ntxbsyc.tfm
Requested font "ntxbsyc" at 6.20496pt
 -> /usr/local/texlive/2022/texmf-dist/fonts/tfm/public/newtx/ntxbsyc.tfm
Requested font "ntxbsyc" at 4.67502pt
 -> /usr/local/texlive/2022/texmf-dist/fonts/tfm/public/newtx/ntxbsyc.tfm
Requested font "ntxbexa" at 8.5pt
 -> /usr/local/texlive/2022/texmf-dist/fonts/tfm/public/newtx/ntxbexa.tfm
Requested font "ntxbexa" at 6.20496pt
 -> /usr/local/texlive/2022/texmf-dist/fonts/tfm/public/newtx/ntxbexa.tfm
Requested font "ntxbexa" at 4.67502pt
 -> /usr/local/texlive/2022/texmf-dist/fonts/tfm/public/newtx/ntxbexa.tfm

LaTeX Warning: `h' float specifier changed to `ht'.


LaTeX Warning: `h' float specifier changed to `ht'.


Overfull \hbox (3.0pt too wide) detected at line 624
 [] 
 []


LaTeX Warning: Reference `ex:derY' on page 8 undefined on input line 626.


LaTeX Warning: Reference `eq:exY' on page 8 undefined on input line 627.

[8]

LaTeX Warning: Reference `table:pflow1' on page 9 undefined on input line 640.


LaTeX Warning: Reference `eq:PQVgen' on page 9 undefined on input line 642.


LaTeX Warning: Reference `table:pflow1' on page 9 undefined on input line 642.


LaTeX Warning: Reference `table:pflow2' on page 9 undefined on input line 661.


LaTeX Warning: Reference `table:pflow2' on page 9 undefined on input line 662.

[9]

LaTeX Warning: Reference `ex:pf3bus' on page 10 undefined on input line 679.


LaTeX Warning: Reference `sec:staana' on page 10 undefined on input line 695.


LaTeX Warning: Reference `ch:stabcont' on page 10 undefined on input line 696.

Requested font "ntx-Bold-tlf-ot1" at 10.95pt
 -> /usr/local/texlive/2022/texmf-dist/fonts/tfm/public/newtx/ntx-Bold-tlf-ot1.tfm
Requested font "ntx-Bold-tlf-ot1" at 8.0pt
 -> /usr/local/texlive/2022/texmf-dist/fonts/tfm/public/newtx/ntx-Bold-tlf-ot1.tfm
Requested font "ntx-Bold-tlf-ot1" at 6.1pt
 -> /usr/local/texlive/2022/texmf-dist/fonts/tfm/public/newtx/ntx-Bold-tlf-ot1.tfm
Requested font "ntxbmi0" at 10.95pt
 -> /usr/local/texlive/2022/texmf-dist/fonts/tfm/public/newtx/ntxbmi0.tfm
Requested font "ntxbmi07" at 8.0pt
 -> /usr/local/texlive/2022/texmf-dist/fonts/tfm/public/newtx/ntxbmi07.tfm
Requested font "ntxbmi05" at 6.1pt
 -> /usr/local/texlive/2022/texmf-dist/fonts/tfm/public/newtx/ntxbmi05.tfm
Requested font "ntxbsy" at 10.95pt
 -> /usr/local/texlive/2022/texmf-dist/fonts/tfm/public/newtx/ntxbsy.tfm
Requested font "ntxbsy7" at 8.0pt
 -> /usr/local/texlive/2022/texmf-dist/fonts/tfm/public/newtx/ntxbsy7.tfm
Requested font "ntxbsy5" at 6.1pt
 -> /usr/local/texlive/2022/texmf-dist/fonts/tfm/public/newtx/ntxbsy5.tfm
Requested font "ntxbexx" at 10.95pt
 -> /usr/local/texlive/2022/texmf-dist/fonts/tfm/public/newtx/ntxbexx.tfm
Requested font "ntxbexx" at 8.0pt
 -> /usr/local/texlive/2022/texmf-dist/fonts/tfm/public/newtx/ntxbexx.tfm
Requested font "ntxbexx" at 6.1pt
 -> /usr/local/texlive/2022/texmf-dist/fonts/tfm/public/newtx/ntxbexx.tfm
Requested font "ntxbmia" at 10.95pt
 -> /usr/local/texlive/2022/texmf-dist/fonts/tfm/public/newtx/ntxbmia.tfm
Requested font "ntxbmia" at 8.0pt
 -> /usr/local/texlive/2022/texmf-dist/fonts/tfm/public/newtx/ntxbmia.tfm
Requested font "ntxbmia" at 6.1pt
 -> /usr/local/texlive/2022/texmf-dist/fonts/tfm/public/newtx/ntxbmia.tfm
Requested font "ntxbsym" at 10.95pt
 -> /usr/local/texlive/2022/texmf-dist/fonts/tfm/public/newtx/ntxbsym.tfm
Requested font "ntxbsym" at 8.0pt
 -> /usr/local/texlive/2022/texmf-dist/fonts/tfm/public/newtx/ntxbsym.tfm
Requested font "ntxbsym" at 6.1pt
 -> /usr/local/texlive/2022/texmf-dist/fonts/tfm/public/newtx/ntxbsym.tfm
Requested font "ntxbsyc" at 10.95pt
 -> /usr/local/texlive/2022/texmf-dist/fonts/tfm/public/newtx/ntxbsyc.tfm
Requested font "ntxbsyc" at 8.0pt
 -> /usr/local/texlive/2022/texmf-dist/fonts/tfm/public/newtx/ntxbsyc.tfm
Requested font "ntxbsyc" at 6.1pt
 -> /usr/local/texlive/2022/texmf-dist/fonts/tfm/public/newtx/ntxbsyc.tfm
Requested font "ntxbexa" at 10.95pt
 -> /usr/local/texlive/2022/texmf-dist/fonts/tfm/public/newtx/ntxbexa.tfm
Requested font "ntxbexa" at 8.0pt
 -> /usr/local/texlive/2022/texmf-dist/fonts/tfm/public/newtx/ntxbexa.tfm
Requested font "ntxbexa" at 6.1pt
 -> /usr/local/texlive/2022/texmf-dist/fonts/tfm/public/newtx/ntxbexa.tfm

Package hyperref Warning: Token not allowed in a PDF string (Unicode):
(hyperref)                removing `math shift' on input line 699.


Package hyperref Warning: Token not allowed in a PDF string (Unicode):
(hyperref)                removing `superscript' on input line 699.


Package hyperref Warning: Token not allowed in a PDF string (Unicode):
(hyperref)                removing `math shift' on input line 699.


LaTeX Warning: Reference `eq:GBrep' on page 10 undefined on input line 728.

[10]
LaTeX Font Info:    Font shape `TU/TeXGyreTermesX(0)/m/it' will be
(Font)              scaled to size 10.0pt on input line 740.
Requested font "[TeXGyreTermesX-Italic.otf]/OT:script=latn;language=dflt;-ss05;+tnum;+lnum;mapping=tex-text;" at 10.0pt
 -> /usr/local/texlive/2022/texmf-dist/fonts/opentype/public/newtx/TeXGyreTermesX-Italic.otf


LaTeX Warning: Reference `eq:PQVgen' on page 11 undefined on input line 742.

LaTeX Font Info:    Font shape `TU/TeXGyreTermesX(0)/b/it' will be
(Font)              scaled to size 10.0pt on input line 777.
Requested font "[TeXGyreTermesX-BoldItalic.otf]/OT:script=latn;language=dflt;-ss05;+tnum;+lnum;mapping=tex-text;" at 10.0pt
 -> /usr/local/texlive/2022/texmf-dist/fonts/opentype/public/newtx/TeXGyreTermesX-BoldItalic.otf
Package hyperref Info: bookmark level for unknown proof defaults to 0 on input line 777.

LaTeX Warning: Reference `eq:PQVgen' on page 11 undefined on input line 778.


LaTeX Warning: Reference `eq:GBrep' on page 11 undefined on input line 802.

[11]

LaTeX Warning: Reference `eq:LPLQ' on page 12 undefined on input line 891.


LaTeX Warning: Reference `eq:LPLQ' on page 12 undefined on input line 893.


LaTeX Warning: Reference `thm:PQ' on page 12 undefined on input line 897.


LaTeX Warning: Reference `ex:2buspf' on page 12 undefined on input line 898.


LaTeX Warning: Reference `sec:admathp' on page 12 undefined on input line 900.

LaTeX Font Info:    Trying to load font information for U+dsrom on input line 906.
(/usr/local/texlive/2022/texmf-dist/tex/latex/doublestroke/Udsrom.fd
File: Udsrom.fd 1995/08/01 v0.1 Double stroke roman font definitions
)
Requested font "dsrom10" at 10.0pt
 -> /usr/local/texlive/2022/texmf-dist/fonts/tfm/public/doublestroke/dsrom10.tfm
Requested font "dsrom8" at 7.3pt
 -> /usr/local/texlive/2022/texmf-dist/fonts/tfm/public/doublestroke/dsrom8.tfm
Requested font "dsrom8" at 5.5pt
 -> /usr/local/texlive/2022/texmf-dist/fonts/tfm/public/doublestroke/dsrom8.tfm


LaTeX Warning: Reference `sec:numstep' on page 12 undefined on input line 933.


LaTeX Warning: Reference `sec:genfund' on page 12 undefined on input line 938.


Package amsmath Warning: Cannot use `split' here;
(amsmath)                trying to recover with `aligned' on input line 955.

[12]

Package amsmath Warning: Cannot use `split' here;
(amsmath)                trying to recover with `aligned' on input line 991.


LaTeX Warning: Reference `eq:P0Q0eq' on page 13 undefined on input line 994.


LaTeX Warning: Reference `eq:gendif_' on page 13 undefined on input line 996.


LaTeX Warning: Reference `eq:P0Q0eq' on page 13 undefined on input line 1001.

[13]

LaTeX Warning: Reference `sec:gensspq' on page 14 undefined on input line 1025.


LaTeX Warning: Reference `sec:loadpr' on page 14 undefined on input line 1030.


LaTeX Warning: Reference `eq:defPQVIi2' on page 14 undefined on input line 1031.


Package hyperref Warning: Token not allowed in a PDF string (Unicode):
(hyperref)                removing `math shift' on input line 1087.


Package hyperref Warning: Token not allowed in a PDF string (Unicode):
(hyperref)                removing `superscript' on input line 1087.


Package hyperref Warning: Token not allowed in a PDF string (Unicode):
(hyperref)                removing `math shift' on input line 1087.


LaTeX Warning: Reference `sec:genmodadv' on page 14 undefined on input line 1091.

[14]

Package amsmath Warning: Cannot use `split' here;
(amsmath)                trying to recover with `aligned' on input line 1110.


LaTeX Warning: Reference `sec:stagen' on page 15 undefined on input line 1129.


LaTeX Warning: Reference `eq:PQout' on page 15 undefined on input line 1140.


LaTeX Warning: Reference `eq:phVIsincosC2' on page 15 undefined on input line 1140.


LaTeX Warning: Reference `eq:PQout' on page 15 undefined on input line 1150.

[15]

LaTeX Warning: Reference `eq:tandelV' on page 16 undefined on input line 1168.


LaTeX Warning: Reference `eq:PQout' on page 16 undefined on input line 1169.


LaTeX Warning: Reference `eq:tandelV' on page 16 undefined on input line 1173.


LaTeX Warning: Reference `eq:PQout' on page 16 undefined on input line 1173.


LaTeX Warning: Reference `eq:tandelVa' on page 16 undefined on input line 1183.


LaTeX Warning: Reference `eq:tandelVb' on page 16 undefined on input line 1183.


LaTeX Warning: Reference `eq:defPQVIi2' on page 16 undefined on input line 1185.


LaTeX Warning: Reference `eq:PQout' on page 16 undefined on input line 1185.


LaTeX Warning: Reference `eq:phVIsincosC2' on page 16 undefined on input line 1186.


LaTeX Warning: Reference `eq:tandelVa' on page 16 undefined on input line 1196.


LaTeX Warning: Reference `eq:defPQVIi2' on page 16 undefined on input line 1215.


LaTeX Warning: Reference `eq:IVPQ' on page 16 undefined on input line 1231.


LaTeX Warning: Reference `eq:IVPQc' on page 16 undefined on input line 1231.


LaTeX Warning: Reference `eq:tmpVE' on page 16 undefined on input line 1243.


LaTeX Warning: Reference `eq:tandelVa' on page 16 undefined on input line 1244.


LaTeX Warning: Reference `eq:PQout' on page 16 undefined on input line 1245.

[16]

LaTeX Warning: Reference `eq:tandelVa' on page 17 undefined on input line 1257.


LaTeX Warning: Reference `eq:tandelVb' on page 17 undefined on input line 1273.


LaTeX Warning: Reference `eq:PQout' on page 17 undefined on input line 1275.


LaTeX Warning: Reference `eq:tandelV' on page 17 undefined on input line 1276.


LaTeX Warning: Reference `eq:tandelVa' on page 17 undefined on input line 1276.


LaTeX Warning: Reference `eq:tandelVb' on page 17 undefined on input line 1277.


LaTeX Warning: Reference `eq:Etran' on page 17 undefined on input line 1277.


LaTeX Warning: Reference `eq:tandelVa' on page 17 undefined on input line 1278.


LaTeX Warning: Reference `eq:Etran' on page 17 undefined on input line 1279.


LaTeX Warning: Reference `eq:PQout' on page 17 undefined on input line 1279.


LaTeX Warning: Reference `lem:delVE' on page 17 undefined on input line 1282.


LaTeX Warning: Reference `eq:tandelV' on page 17 undefined on input line 1286.


LaTeX Warning: Reference `eq:gendif' on page 17 undefined on input line 1294.


LaTeX Warning: Reference `eq:PQout' on page 17 undefined on input line 1295.

[17]

LaTeX Warning: Reference `eq:PtQt' on page 18 undefined on input line 1342.


LaTeX Warning: Reference `eq:inicon' on page 18 undefined on input line 1343.


LaTeX Warning: Reference `eq:gendif' on page 18 undefined on input line 1344.


LaTeX Warning: Reference `eq:allinputs' on page 18 undefined on input line 1345.


LaTeX Warning: Reference `lem:delVE' on page 18 undefined on input line 1345.


LaTeX Warning: Reference `eq:inicon' on page 18 undefined on input line 1346.


LaTeX Warning: Reference `eq:PtQt' on page 18 undefined on input line 1363.


LaTeX Warning: Reference `eq:inicon' on page 18 undefined on input line 1365.


LaTeX Warning: Reference `eq:gendif' on page 18 undefined on input line 1366.


LaTeX Warning: Reference `eq:allinputs' on page 18 undefined on input line 1367.


LaTeX Warning: Reference `eq:gendif' on page 18 undefined on input line 1368.


LaTeX Warning: Reference `eq:PmVfd' on page 18 undefined on input line 1376.


LaTeX Warning: Reference `eq:PtQt' on page 18 undefined on input line 1376.


LaTeX Warning: Reference `eq:inicon' on page 18 undefined on input line 1377.


LaTeX Warning: Reference `eq:busvolin' on page 18 undefined on input line 1378.


LaTeX Warning: Reference `eq:PmVfd' on page 18 undefined on input line 1380.


LaTeX Warning: Reference `eq:inicon' on page 18 undefined on input line 1381.


LaTeX Warning: Reference `eq:gendif' on page 18 undefined on input line 1381.

[18]

LaTeX Warning: Reference `thm:stst' on page 19 undefined on input line 1389.


LaTeX Warning: Reference `thm:stst' on page 19 undefined on input line 1393.


LaTeX Warning: Reference `eq:busvolin' on page 19 undefined on input line 1398.


LaTeX Warning: Reference `eq:intssgen' on page 19 undefined on input line 1414.


Overfull \hbox (10.64049pt too wide) in paragraph at lines 1410--1415
[]\TU/TeXGyreTermesX(0)/m/n/10 From the above discussion, we can see that even if we determine $\LMS/ntxsy/m/n/10 \OML/ntxmi/m/it/10 P[]; Q[]; \LMS/ntxsy/m/n/10 j[][]j\OML/ntxmi/m/it/10 ; \U/ntxsym/m/n/10 [][]\LMS/ntxsy/m/n/10 $
 []


LaTeX Warning: Reference `eq:gendif' on page 19 undefined on input line 1422.


LaTeX Warning: Reference `eq:PQout' on page 19 undefined on input line 1422.


LaTeX Warning: Reference `eq:domdE' on page 19 undefined on input line 1423.


LaTeX Warning: Reference `eq:dPdQ' on page 19 undefined on input line 1424.


LaTeX Warning: Reference `eq:domdE' on page 19 undefined on input line 1456.


LaTeX Warning: Reference `eq:dPdQ' on page 19 undefined on input line 1456.


LaTeX Warning: Reference `eq:domdE' on page 19 undefined on input line 1467.


LaTeX Warning: Reference `eq:dPdQ' on page 19 undefined on input line 1468.


LaTeX Warning: Reference `eq:gendif' on page 19 undefined on input line 1468.


LaTeX Warning: Reference `eq:PQout' on page 19 undefined on input line 1471.

[19]

LaTeX Warning: Reference `eq:tandelV' on page 20 undefined on input line 1479.


LaTeX Warning: Reference `eq:dPdQ' on page 20 undefined on input line 1487.


LaTeX Warning: Reference `eq:domdE' on page 20 undefined on input line 1487.


LaTeX Warning: Reference `eq:tandelV' on page 20 undefined on input line 1488.


LaTeX Warning: Reference `eq:gendif' on page 20 undefined on input line 1490.


LaTeX Warning: Reference `eq:frer' on page 20 undefined on input line 1492.


LaTeX Warning: Reference `thm:outst' on page 20 undefined on input line 1497.


LaTeX Warning: Reference `sec:numstep' on page 20 undefined on input line 1510.


LaTeX Warning: Reference `sec:numstep' on page 20 undefined on input line 1517.


LaTeX Warning: Reference `sec:powflow' on page 20 undefined on input line 1521.


LaTeX Warning: Reference `sec:paradef' on page 20 undefined on input line 1522.


LaTeX Warning: Reference `thm:stst' on page 20 undefined on input line 1526.


LaTeX Warning: Reference `sec:loadpara' on page 20 undefined on input line 1527.

[20]

LaTeX Warning: Reference `table:pflow1' on page 21 undefined on input line 1540.

Requested font "dsrom8" at 8.5pt
 -> /usr/local/texlive/2022/texmf-dist/fonts/tfm/public/doublestroke/dsrom8.tfm
Requested font "dsrom8" at 6.20496pt
 -> /usr/local/texlive/2022/texmf-dist/fonts/tfm/public/doublestroke/dsrom8.tfm
Requested font "dsrom8" at 4.67502pt
 -> /usr/local/texlive/2022/texmf-dist/fonts/tfm/public/doublestroke/dsrom8.tfm

LaTeX Warning: Reference `table:pflow2' on page 21 undefined on input line 1555.


Overfull \hbox (3.0pt too wide) detected at line 1570
 [] 
 []


LaTeX Warning: Reference `ex:pf3bus' on page 21 undefined on input line 1572.


LaTeX Warning: Reference `eq:gendif_' on page 21 undefined on input line 1573.


LaTeX Warning: Reference `eq:lmodimp' on page 21 undefined on input line 1574.


LaTeX Warning: Reference `table:genparams' on page 21 undefined on input line 1576.


LaTeX Warning: Reference `table:pflow1' on page 21 undefined on input line 1578.


LaTeX Warning: Reference `table:pflow2' on page 21 undefined on input line 1579.


LaTeX Warning: Reference `eq:intssgen' on page 21 undefined on input line 1581.


LaTeX Warning: Reference `table:genst13a' on page 21 undefined on input line 1582.


LaTeX Warning: Reference `table:genst13b' on page 21 undefined on input line 1582.


LaTeX Warning: Reference `eq:lmodimppara' on page 21 undefined on input line 1583.


LaTeX Warning: Reference `table:loadpara1' on page 21 undefined on input line 1584.


LaTeX Warning: Reference `table:loadpara2' on page 21 undefined on input line 1584.


LaTeX Warning: Reference `fig:P13ini' on page 21 undefined on input line 1612.

[21]

LaTeX Warning: Reference `table:pflow1' on page 22 undefined on input line 1637.


LaTeX Warning: Reference `table:pflow1' on page 22 undefined on input line 1637.


Package caption Warning: Ambiguous sub-caption(s), use \nextfloat on input line 1640.
See the caption package documentation for explanation.


LaTeX Warning: Reference `table:pflow2' on page 22 undefined on input line 1651.


LaTeX Warning: Reference `table:pflow2' on page 22 undefined on input line 1651.

File: figs/P1ini.pdf Graphic file (type pdf)
<use figs/P1ini.pdf>

LaTeX Warning: Reference `table:pflow1' on page 22 undefined on input line 1664.


LaTeX Warning: Reference `table:pflow1' on page 22 undefined on input line 1664.

File: figs/P3ini.pdf Graphic file (type pdf)
<use figs/P3ini.pdf>

LaTeX Warning: Reference `table:pflow2' on page 22 undefined on input line 1669.


LaTeX Warning: Reference `table:pflow2' on page 22 undefined on input line 1669.


Overfull \hbox (3.0pt too wide) detected at line 1691
 [] 
 []

[22]

LaTeX Warning: Reference `ex:inires' on page 23 undefined on input line 1695.


LaTeX Warning: Reference `table:loadpara1' on page 23 undefined on input line 1699.


LaTeX Warning: Reference `table:loadpara2' on page 23 undefined on input line 1699.


LaTeX Warning: Reference `fig:P1load' on page 23 undefined on input line 1702.


LaTeX Warning: Reference `fig:P3load' on page 23 undefined on input line 1703.


LaTeX Warning: Reference `fig:P1load' on page 23 undefined on input line 1713.


LaTeX Warning: Reference `fig:P3load' on page 23 undefined on input line 1713.

File: figs/P1mi.pdf Graphic file (type pdf)
<use figs/P1mi.pdf>
File: figs/P1pl.pdf Graphic file (type pdf)
<use figs/P1pl.pdf>

LaTeX Warning: Reference `table:pflow1' on page 23 undefined on input line 1736.


LaTeX Warning: Reference `fig:P13ini' on page 23 undefined on input line 1736.


LaTeX Warning: Reference `table:pflow1' on page 23 undefined on input line 1736.


LaTeX Warning: Reference `fig:P13ini' on page 23 undefined on input line 1736.

File: figs/P3mi.pdf Graphic file (type pdf)
<use figs/P3mi.pdf>
File: figs/P3pl.pdf Graphic file (type pdf)
<use figs/P3pl.pdf>

LaTeX Warning: Reference `table:pflow2' on page 23 undefined on input line 1758.


LaTeX Warning: Reference `fig:P13ini' on page 23 undefined on input line 1758.


LaTeX Warning: Reference `table:pflow2' on page 23 undefined on input line 1758.


LaTeX Warning: Reference `fig:P13ini' on page 23 undefined on input line 1758.


LaTeX Warning: Reference `ex:loadpv' on page 23 undefined on input line 1763.


LaTeX Warning: Reference `ex:inires' on page 23 undefined on input line 1763.


LaTeX Warning: Reference `sec:agcover' on page 23 undefined on input line 1774.


LaTeX Warning: Reference `sec:mathnpas' on page 23 undefined on input line 1774.

[23]

LaTeX Warning: Reference `eq:pfconIV' on page 24 undefined on input line 1805.


LaTeX Warning: Reference `eq:ohmY2' on page 24 undefined on input line 1806.


LaTeX Warning: Reference `eq:ohmY2f' on page 24 undefined on input line 1808.

[24]

Package amsmath Warning: Cannot use `split' here;
(amsmath)                trying to recover with `aligned' on input line 1866.


LaTeX Warning: Reference `eq:cimp' on page 25 undefined on input line 1880.

[25]

LaTeX Warning: Reference `eq:gendynVIfN' on page 26 undefined on input line 1896.


Overfull \hbox (3.0pt too wide) detected at line 1928
 [] 
 []


LaTeX Warning: Reference `ex:inires' on page 26 undefined on input line 1931.


LaTeX Warning: Reference `ex:loadpv' on page 26 undefined on input line 1931.


LaTeX Warning: Reference `fig:P1fault' on page 26 undefined on input line 1938.


LaTeX Warning: Reference `fig:P3fault' on page 26 undefined on input line 1939.


LaTeX Warning: Reference `fig:P1fault' on page 26 undefined on input line 1941.


LaTeX Warning: Reference `table:pflow1' on page 26 undefined on input line 1943.


LaTeX Warning: Reference `table:genparams' on page 26 undefined on input line 1945.

[26]

LaTeX Warning: Reference `fig:P3fault' on page 27 undefined on input line 1951.


LaTeX Warning: Reference `table:pflow2' on page 27 undefined on input line 1953.


LaTeX Warning: Reference `table:pflow1' on page 27 undefined on input line 1954.


LaTeX Warning: Reference `table:pflow2' on page 27 undefined on input line 1956.


LaTeX Warning: Reference `table:pflow2' on page 27 undefined on input line 1960.

File: figs/50mP1.pdf Graphic file (type pdf)
<use figs/50mP1.pdf>
File: figs/100mP1.pdf Graphic file (type pdf)
<use figs/100mP1.pdf>

LaTeX Warning: Reference `table:pflow1' on page 27 undefined on input line 1980.


LaTeX Warning: Reference `fig:P13ini' on page 27 undefined on input line 1980.


LaTeX Warning: Reference `table:pflow1' on page 27 undefined on input line 1980.


LaTeX Warning: Reference `fig:P13ini' on page 27 undefined on input line 1980.

File: figs/50mP3.pdf Graphic file (type pdf)
<use figs/50mP3.pdf>
File: figs/100mP3.pdf Graphic file (type pdf)
<use figs/100mP3.pdf>

LaTeX Warning: Reference `table:pflow2' on page 27 undefined on input line 2001.


LaTeX Warning: Reference `fig:P13ini' on page 27 undefined on input line 2001.


LaTeX Warning: Reference `table:pflow2' on page 27 undefined on input line 2001.


LaTeX Warning: Reference `fig:P13ini' on page 27 undefined on input line 2001.


LaTeX Warning: Reference `ex:busflt' on page 27 undefined on input line 2007.


LaTeX Warning: Reference `ex:pf3bus' on page 27 undefined on input line 2009.


LaTeX Warning: Reference `table:pflow1' on page 27 undefined on input line 2010.


LaTeX Warning: Reference `ex:busflt' on page 27 undefined on input line 2011.


LaTeX Warning: Reference `table:pflow2' on page 27 undefined on input line 2012.


LaTeX Warning: Reference `sec:transcont' on page 27 undefined on input line 2021.


LaTeX Warning: Reference `sec:retrofit' on page 27 undefined on input line 2022.

[27]

LaTeX Warning: Reference `ex:inires' on page 28 undefined on input line 2024.


LaTeX Warning: Reference `ex:busflt' on page 28 undefined on input line 2025.


LaTeX Warning: Reference `ex:Kronode' on page 28 undefined on input line 2028.


LaTeX Warning: Reference `sec:agcover' on page 28 undefined on input line 2030.


LaTeX Warning: Reference `sec:mathnpas' on page 28 undefined on input line 2031.

Requested font "ntx-Bold-tlf-ot1" at 12.0pt
 -> /usr/local/texlive/2022/texmf-dist/fonts/tfm/public/newtx/ntx-Bold-tlf-ot1.tfm
Requested font "ntx-Bold-tlf-ot1" at 8.8pt
 -> /usr/local/texlive/2022/texmf-dist/fonts/tfm/public/newtx/ntx-Bold-tlf-ot1.tfm
Requested font "nt