This is e-pTeX, Version 3.141592653-p3.9.0-210218-2.6 (utf8.euc) (TeX Live 2021) (preloaded format=platex 2021.6.30)  1 JUL 2022 15:39
entering extended mode
 restricted \write18 enabled.
 %&-line parsing enabled.
**docstability5_en
(./docstability5_en.tex
pLaTeX2e <2021-06-01>+2 (based on LaTeX2e <2021-06-01> patch level 1)
L3 programming layer <2021-06-18> (./corona-a5-1.1.cls
Document Class: corona-a5-1.1 2007/10/31 v1.0 pLaTeX class ALL Rights reserved Copyright SANBI Co., Ltd. for CORONA PUBLISHING CO., Ltd.
(/usr/local/texlive/2021/texmf-dist/tex/latex/graphics/color.sty
Package: color 2020/02/24 v1.2b Standard LaTeX Color (DPC)
 (/usr/local/texlive/2021/texmf-dist/tex/latex/graphics-cfg/color.cfg
File: color.cfg 2016/01/02 v1.6 sample color configuration
)
Package color Info: Driver file: dvipdfmx.def on input line 149.
 (/usr/local/texlive/2021/texmf-dist/tex/latex/graphics-def/dvipdfmx.def
File: dvipdfmx.def 2021/03/18 v5.0j Graphics/color driver for dvipdfmx
) (/usr/local/texlive/2021/texmf-dist/tex/latex/graphics/dvipsnam.def
File: dvipsnam.def 2016/06/17 v3.0m Driver-dependent file (DPC,SPQR)
)) (/usr/local/texlive/2021/texmf-dist/tex/latex/graphics/keyval.sty
Package: keyval 2014/10/28 v1.15 key=value parser (DPC)
\KV@toks@=\toks17
)
\COFFEEbk@bxb=\box67
\COFFEEbk@bxa=\box68
\COFFEEbk@lcnt=\count181
\endCOFFEEskip=\skip47
\c@COFFcount=\count182
\c@@paper=\count183
\h=\dimen154
\JQ=\dimen155
\Q=\dimen156
\@bs=\dimen157
LaTeX Font Info:    Font shape `JY1/mc/m/n' will be
(Font)              scaled to size 9.60999pt on input line 726.
\RAYOUT=\box69
LaTeX Font Info:    External font `cmex10' loaded for size
(Font)              <7> on input line 1121.
LaTeX Font Info:    External font `cmex10' loaded for size
(Font)              <5> on input line 1121.
\HASIRAdimen=\dimen158
\@BUNRUI=\count184
\c@part=\count185
\c@chapter=\count186
\c@section=\count187
\c@subsection=\count188
\c@subsubsection=\count189
\c@paragraph=\count190
\c@subparagraph=\count191
\CHAPheight=\dimen159
\CHAPht=\box70
\CHAPwidth=\dimen160
\SCHAPheight=\dimen161
\ESECTwd=\dimen162
\ESUBSECTwd=\dimen163
\@tempboxb=\box71
\SECTht=\dimen164
\SECTwd=\dimen165
\APPSCHAPheight=\dimen166
\c@ANSchapter=\count192
\c@ANSchapVAL=\count193
\FIGNUMcnt=\count194
\TABNUMcnt=\count195
\c@figure=\count196
\c@COFFfigure=\count197
\c@table=\count198
\c@COFFtable=\count199
\abovecaptionskip=\skip48
\belowcaptionskip=\skip49
\capwidth=\dimen167
LaTeX Font Info:    Font shape `JY1/mc/m/n' will be
(Font)              scaled to size 8.13171pt on input line 4096.
\ycapsep=\dimen168
\c@Mparentequation=\count266
\mathindent=\dimen169
\c@COFFequation=\count267
\@COFFeqcnt=\count268
\@COFFeqpen=\count269
\symmincho=\mathgroup4
LaTeX Font Info:    Overwriting symbol font `mincho' in version `bold'
(Font)                  JY1/mc/m/n --> JY1/gt/m/n on input line 4744.
\toclineskip=\dimen170
\@lnumwidth=\dimen171
\TOCCHAPdimen=\dimen172
\@minsofar=\count270
\@min=\count271
\@cite@temp=\count272
\bibindent=\dimen173
\KARAsakuinbox=\box72
\ftID=\count273
\heisei=\count274
LaTeX Info: Redefining \leq on input line 5682.
LaTeX Info: Redefining \geq on input line 5683.
\c@footnote@tab=\count275
) (../settings.tex (/usr/local/texlive/2021/texmf-dist/tex/latex/bxpapersize/bxpapersize.sty
Package: bxpapersize 2020/10/01 v0.5
 (/usr/local/texlive/2021/texmf-dist/tex/latex/xkeyval/xkeyval.sty
Package: xkeyval 2020/11/20 v2.8 package option processing (HA)
 (/usr/local/texlive/2021/texmf-dist/tex/generic/xkeyval/xkeyval.tex (/usr/local/texlive/2021/texmf-dist/tex/generic/xkeyval/xkvutils.tex
\XKV@toks=\toks18
\XKV@tempa@toks=\toks19
)
\XKV@depth=\count276
File: xkeyval.tex 2014/12/03 v2.7a key=value parser (HA)
)) (/usr/local/texlive/2021/texmf-dist/tex/latex/base/atbegshi-ltx.sty
Package: atbegshi-ltx 2021/01/10 v1.0c Emulation of the original atbegshi
package with kernel methods
) (/usr/local/texlive/2021/texmf-dist/tex/generic/iftex/ifpdf.sty
Package: ifpdf 2019/10/25 v3.4 ifpdf legacy package. Use iftex instead.
 (/usr/local/texlive/2021/texmf-dist/tex/generic/iftex/iftex.sty
Package: iftex 2020/03/06 v1.0d TeX engine tests
)) (/usr/local/texlive/2021/texmf-dist/tex/generic/iftex/ifxetex.sty
Package: ifxetex 2019/10/25 v0.7 ifxetex legacy package. Use iftex instead.
) (/usr/local/texlive/2021/texmf-dist/tex/generic/iftex/ifluatex.sty
Package: ifluatex 2019/10/25 v1.5 ifluatex legacy package. Use iftex instead.
) (/usr/local/texlive/2021/texmf-dist/tex/generic/iftex/ifvtex.sty
Package: ifvtex 2019/10/25 v1.7 ifvtex legacy package. Use iftex instead.
) (/usr/local/texlive/2021/texmf-dist/tex/generic/ifptex/ifptex.sty
Package: ifptex 2019/11/01 v2.0 pTeX checker
)
\bxpr@dima=\dimen174
Package bxpapersize Info: Detected the new LaTeX kernel (2020-10-01).
) (/usr/local/texlive/2021/texmf-dist/tex/latex/amsfonts/amssymb.sty
Package: amssymb 2013/01/14 v3.01 AMS font symbols
 (/usr/local/texlive/2021/texmf-dist/tex/latex/amsfonts/amsfonts.sty
Package: amsfonts 2013/01/14 v3.01 Basic AMSFonts support
\@emptytoks=\toks20
\symAMSa=\mathgroup5
\symAMSb=\mathgroup6
LaTeX Font Info:    Redeclaring math symbol \hbar on input line 98.
LaTeX Font Info:    Overwriting math alphabet `\mathfrak' in version `bold'
(Font)                  U/euf/m/n --> U/euf/b/n on input line 106.
)) (/usr/local/texlive/2021/texmf-dist/tex/latex/amsmath/amsmath.sty
Package: amsmath 2021/04/20 v2.17j AMS math features
\@mathmargin=\skip50

For additional information on amsmath, use the `?' option.
(/usr/local/texlive/2021/texmf-dist/tex/latex/amsmath/amstext.sty
Package: amstext 2000/06/29 v2.01 AMS text
 (/usr/local/texlive/2021/texmf-dist/tex/latex/amsmath/amsgen.sty
File: amsgen.sty 1999/11/30 v2.0 generic functions
\@emptytoks=\toks21
\ex@=\dimen175
)) (/usr/local/texlive/2021/texmf-dist/tex/latex/amsmath/amsbsy.sty
Package: amsbsy 1999/11/29 v1.2d Bold Symbols
\pmbraise@=\dimen176
) (/usr/local/texlive/2021/texmf-dist/tex/latex/amsmath/amsopn.sty
Package: amsopn 2016/03/08 v2.02 operator names
)
\inf@bad=\count277
LaTeX Info: Redefining \frac on input line 234.
\uproot@=\count278
\leftroot@=\count279
LaTeX Info: Redefining \overline on input line 399.
\classnum@=\count280
\DOTSCASE@=\count281
LaTeX Info: Redefining \ldots on input line 496.
LaTeX Info: Redefining \dots on input line 499.
LaTeX Info: Redefining \cdots on input line 620.
\Mathstrutbox@=\box73
\strutbox@=\box74
\big@size=\dimen177
LaTeX Font Info:    Redeclaring font encoding OML on input line 743.
LaTeX Font Info:    Redeclaring font encoding OMS on input line 744.
\macc@depth=\count282
\c@MaxMatrixCols=\count283
\dotsspace@=\muskip16
\c@parentequation=\count284
\dspbrk@lvl=\count285
\tag@help=\toks22
\row@=\count286
\column@=\count287
\maxfields@=\count288
\andhelp@=\toks23
\eqnshift@=\dimen178
\alignsep@=\dimen179
\tagshift@=\dimen180
\tagwidth@=\dimen181
\totwidth@=\dimen182
\lineht@=\dimen183
\@envbody=\toks24
\multlinegap=\skip51
\multlinetaggap=\skip52
\mathdisplay@stack=\toks25
LaTeX Info: Redefining \[ on input line 2923.
LaTeX Info: Redefining \] on input line 2924.
) (/usr/local/texlive/2021/texmf-dist/tex/latex/graphics/graphicx.sty
Package: graphicx 2020/12/05 v1.2c Enhanced LaTeX Graphics (DPC,SPQR)
 (/usr/local/texlive/2021/texmf-dist/tex/latex/graphics/graphics.sty
Package: graphics 2021/03/04 v1.4d Standard LaTeX Graphics (DPC,SPQR)
 (/usr/local/texlive/2021/texmf-dist/tex/latex/graphics/trig.sty
Package: trig 2016/01/03 v1.10 sin cos tan (DPC)
) (/usr/local/texlive/2021/texmf-dist/tex/latex/graphics-cfg/graphics.cfg
File: graphics.cfg 2016/06/04 v1.11 sample graphics configuration
)
Package graphics Info: Driver file: dvipdfmx.def on input line 107.
)
\Gin@req@height=\dimen184
\Gin@req@width=\dimen185
) (/usr/local/texlive/2021/texmf-dist/tex/latex/cite/cite.sty
LaTeX Info: Redefining \citen on input line 81.
LaTeX Info: Redefining \cite on input line 302.
LaTeX Info: Redefining \nocite on input line 332.
Package: cite 2015/02/27  v 5.5
) (/usr/local/texlive/2021/texmf-dist/tex/latex/base/makeidx.sty
Package: makeidx 2014/09/29 v1.0m Standard LaTeX package
) (/usr/local/texlive/2021/texmf-dist/tex/latex/ntheorem/ntheorem.sty
Style `ntheorem', Version 1.33 <2011/08/15>
Package: ntheorem 2011/08/15 1.33
(/usr/local/texlive/2021/texmf-dist/tex/latex/base/ifthen.sty
Package: ifthen 2020/11/24 v1.1c Standard LaTeX ifthen package (DPC)
)
\theorem@style=\toks26
\theorem@@style=\toks27
\theorembodyfont=\toks28
\theoremnumbering=\toks29
\theorempreskipamount=\skip53
\theorempostskipamount=\skip54
\theoremframepreskipamount=\skip55
\theoremframepostskipamount=\skip56
\theoreminframepreskipamount=\skip57
\theoreminframepostskipamount=\skip58
\theorem@preskip=\toks30
\theorem@postskip=\toks31
\theorem@framepreskip=\toks32
\theorem@framepostskip=\toks33
\theorem@inframepreskip=\toks34
\theorem@inframepostskip=\toks35
\theoremindent=\dimen186
\theorem@indent=\dimen187
\theoremrightindent=\dimen188
\theorem@rightindent=\dimen189
\theoremheaderfont=\toks36
\theoremseparator=\toks37
\theoremprework=\toks38
\theorempostwork=\toks39
\theoremsymbol=\toks40
\qedsymbol=\toks41
\theoremkeyword=\toks42
\qedsymbol=\toks43
\thm@topsep=\skip59
\thm@topsepadd=\skip60
) (/usr/local/texlive/2021/texmf-dist/tex/latex/ascmac/ascmac.sty
Package: ascmac 2020/01/15 v2.1 ascmac wrapper (community edition) 
 (/usr/local/texlive/2021/texmf-dist/tex/latex/ascmac/tascmac.sty
Package: tascmac 2020/01/15 v2.1 ascmac package (community edition) 
\@savetbaselineshift=\dimen190
\@saveybaselineshift=\dimen191
\scb@x=\box75
\scscb@x=\box76
\@bw=\dimen192
\@nbox=\box77
\@nbody=\box78
\@scw=\dimen193
\ascmac@hoboxa=\box79
\ascmac@hoboxb=\box80
\@itemh=\dimen194
\@iboxpos=\toks44
\@iboxstr=\box81
\@bwsp=\box82
\@@bwsp=\box83
\@bcal=\count289
\shaderule=\dimen195
)) (./eclbkbox.sty
\bk@bxb=\box84
\bk@bxa=\box85
\bk@lcnt=\count290
) (./dsfont.sty
Package: dsfont 1995/08/01 v0.1 Double stroke roman fonts
) (/usr/local/texlive/2021/texmf-dist/tex/latex/tools/longtable.sty
Package: longtable 2021-05-07 v4.16 Multi-page Table package (DPC)
\LTleft=\skip61
\LTright=\skip62
\LTpre=\skip63
\LTpost=\skip64
\LTchunksize=\count291
\LTcapwidth=\dimen196
\LT@head=\box86
\LT@firsthead=\box87
\LT@foot=\box88
\LT@lastfoot=\box89
\LT@gbox=\box90
\LT@cols=\count292
\LT@rows=\count293
\c@LT@tables=\count294
\c@LT@chunks=\count295
\LT@p@ftn=\toks45
) (/usr/local/texlive/2021/texmf-dist/tex/latex/url/url.sty
\Urlmuskip=\muskip17
Package: url 2013/09/16  ver 3.4  Verb mode for urls, etc.
) (/usr/local/texlive/2021/texmf-dist/tex/latex/hyperref/hyperref.sty
Package: hyperref 2021-06-07 v7.00m Hypertext links for LaTeX
 (/usr/local/texlive/2021/texmf-dist/tex/generic/ltxcmds/ltxcmds.sty
Package: ltxcmds 2020-05-10 v1.25 LaTeX kernel commands for general use (HO)
) (/usr/local/texlive/2021/texmf-dist/tex/generic/pdftexcmds/pdftexcmds.sty
Package: pdftexcmds 2020-06-27 v0.33 Utility functions of pdfTeX for LuaTeX (HO)
 (/usr/local/texlive/2021/texmf-dist/tex/generic/infwarerr/infwarerr.sty
Package: infwarerr 2019/12/03 v1.5 Providing info/warning/error messages (HO)
)
Package pdftexcmds Info: \pdf@primitive is available.
Package pdftexcmds Info: \pdf@ifprimitive is available.
Package pdftexcmds Info: \pdfdraftmode not found.
) (/usr/local/texlive/2021/texmf-dist/tex/generic/kvsetkeys/kvsetkeys.sty
Package: kvsetkeys 2019/12/15 v1.18 Key value parser (HO)
) (/usr/local/texlive/2021/texmf-dist/tex/generic/kvdefinekeys/kvdefinekeys.sty
Package: kvdefinekeys 2019-12-19 v1.6 Define keys (HO)
) (/usr/local/texlive/2021/texmf-dist/tex/generic/pdfescape/pdfescape.sty
Package: pdfescape 2019/12/09 v1.15 Implements pdfTeX's escape features (HO)
) (/usr/local/texlive/2021/texmf-dist/tex/latex/hycolor/hycolor.sty
Package: hycolor 2020-01-27 v1.10 Color options for hyperref/bookmark (HO)
) (/usr/local/texlive/2021/texmf-dist/tex/latex/letltxmacro/letltxmacro.sty
Package: letltxmacro 2019/12/03 v1.6 Let assignment for LaTeX macros (HO)
) (/usr/local/texlive/2021/texmf-dist/tex/latex/auxhook/auxhook.sty
Package: auxhook 2019-12-17 v1.6 Hooks for auxiliary files (HO)
) (/usr/local/texlive/2021/texmf-dist/tex/latex/kvoptions/kvoptions.sty
Package: kvoptions 2020-10-07 v3.14 Key value format for package options (HO)
)
\@linkdim=\dimen197
\Hy@linkcounter=\count296
\Hy@pagecounter=\count297
 (/usr/local/texlive/2021/texmf-dist/tex/latex/hyperref/pd1enc.def
File: pd1enc.def 2021-06-07 v7.00m Hyperref: PDFDocEncoding definition (HO)
Now handling font encoding PD1 ...
... no UTF-8 mapping file for font encoding PD1
) (/usr/local/texlive/2021/texmf-dist/tex/latex/hyperref/hyperref-langpatches.def
File: hyperref-langpatches.def 2021-06-07 v7.00m Hyperref: patches for babel languages
) (/usr/local/texlive/2021/texmf-dist/tex/generic/intcalc/intcalc.sty
Package: intcalc 2019/12/15 v1.3 Expandable calculations with integers (HO)
) (/usr/local/texlive/2021/texmf-dist/tex/generic/etexcmds/etexcmds.sty
Package: etexcmds 2019/12/15 v1.7 Avoid name clashes with e-TeX commands (HO)
)
\Hy@SavedSpaceFactor=\count298
 (/usr/local/texlive/2021/texmf-dist/tex/latex/hyperref/puenc.def
File: puenc.def 2021-06-07 v7.00m Hyperref: PDF Unicode definition (HO)
Now handling font encoding PU ...
... no UTF-8 mapping file for font encoding PU
)
Package hyperref Info: Hyper figures OFF on input line 4192.
Package hyperref Info: Link nesting OFF on input line 4197.
Package hyperref Info: Hyper index ON on input line 4200.
Package hyperref Info: Plain pages OFF on input line 4207.
Package hyperref Info: Backreferencing OFF on input line 4212.
Package hyperref Info: Implicit mode ON; LaTeX internals redefined.
Package hyperref Info: Bookmarks ON on input line 4445.
\c@Hy@tempcnt=\count299
LaTeX Info: Redefining \url on input line 4804.
\XeTeXLinkMargin=\dimen198
 (/usr/local/texlive/2021/texmf-dist/tex/generic/bitset/bitset.sty
Package: bitset 2019/12/09 v1.3 Handle bit-vector datatype (HO)
 (/usr/local/texlive/2021/texmf-dist/tex/generic/bigintcalc/bigintcalc.sty
Package: bigintcalc 2019/12/15 v1.5 Expandable calculations on big integers (HO)
))
\Fld@menulength=\count300
\Field@Width=\dimen199
\Fld@charsize=\dimen256
Package hyperref Info: Hyper figures OFF on input line 6076.
Package hyperref Info: Link nesting OFF on input line 6081.
Package hyperref Info: Hyper index ON on input line 6084.
Package hyperref Info: backreferencing OFF on input line 6091.
Package hyperref Info: Link coloring OFF on input line 6096.
Package hyperref Info: Link coloring with OCG OFF on input line 6101.
Package hyperref Info: PDF/A mode OFF on input line 6106.
LaTeX Info: Redefining \ref on input line 6146.
LaTeX Info: Redefining \pageref on input line 6150.
\Hy@abspage=\count301
\c@Item=\count302
\c@Hfootnote=\count303
)
Package hyperref Info: Driver: hdvipdfm.
 (/usr/local/texlive/2021/texmf-dist/tex/latex/hyperref/hdvipdfm.def
File: hdvipdfm.def 2021-06-07 v7.00m Hyperref driver for dvipdfm
\pdfm@box=\box91
\c@Hy@AnnotLevel=\count304
\HyField@AnnotCount=\count305
\Fld@listcount=\count306
\c@bookmark@seq@number=\count307
 (/usr/local/texlive/2021/texmf-dist/tex/latex/rerunfilecheck/rerunfilecheck.sty
Package: rerunfilecheck 2019/12/05 v1.9 Rerun checks for auxiliary files (HO)
 (/usr/local/texlive/2021/texmf-dist/tex/latex/base/atveryend-ltx.sty
Package: atveryend-ltx 2020/08/19 v1.0a Emulation of the original atvery package
with kernel methods
) (/usr/local/texlive/2021/texmf-dist/tex/generic/uniquecounter/uniquecounter.sty
Package: uniquecounter 2019/12/15 v1.4 Provide unlimited unique counter (HO)
)
Package uniquecounter Info: New unique counter `rerunfilecheck' on input line 286.
)
\Hy@SectionHShift=\skip65
) (/usr/local/texlive/2021/texmf-dist/tex/latex/tools/multicol.sty
Package: multicol 2019/12/09 v1.8y multicolumn formatting (FMi)
\c@tracingmulticols=\count308
\mult@box=\box92
\multicol@leftmargin=\dimen257
\c@unbalance=\count309
\c@collectmore=\count310
\doublecol@number=\count311
\multicoltolerance=\count312
\multicolpretolerance=\count313
\full@width=\dimen258
\page@free=\dimen259
\premulticols=\dimen260
\postmulticols=\dimen261
\multicolsep=\skip66
\multicolbaselineskip=\skip67
\partial@page=\box93
\last@line=\box94
\maxbalancingoverflow=\dimen262
\mult@rightbox=\box95
\mult@grightbox=\box96
\mult@gfirstbox=\box97
\mult@firstbox=\box98
\@tempa=\box99
\@tempa=\box100
\@tempa=\box101
\@tempa=\box102
\@tempa=\box103
\@tempa=\box104
\@tempa=\box105
\@tempa=\box106
\@tempa=\box107
\@tempa=\box108
\@tempa=\box109
\@tempa=\box110
\@tempa=\box111
\@tempa=\box112
\@tempa=\box113
\@tempa=\box114
\@tempa=\box115
\@tempa=\box116
\@tempa=\box117
\@tempa=\box118
\@tempa=\box119
\@tempa=\box120
\@tempa=\box121
\@tempa=\box122
\@tempa=\box123
\@tempa=\box124
\@tempa=\box125
\@tempa=\box126
\@tempa=\box127
\@tempa=\box128
\@tempa=\box129
\@tempa=\box130
\@tempa=\box131
\@tempa=\box132
\@tempa=\box133
\@tempa=\box134
\@tempa=\box135
\c@minrows=\count314
\c@columnbadness=\count315
\c@finalcolumnbadness=\count316
\last@try=\dimen263
\multicolovershoot=\dimen264
\multicolundershoot=\dimen265
\mult@nat@firstbox=\box136
\colbreak@box=\box137
\mc@col@check@num=\count317
) (./a5update.sty
*** a5update.sty 2008/11/30 v1.1 pLaTeX class ALL Rights reserved Copyright SANBI Co., Ltd. for CORONA PUBLISHING CO., Ltd.
\PROGRAMfboxsep=\dimen266
\PROGRAMbk@bxb=\box138
\PROGRAMbk@bxa=\box139
\PROGRAMbk@lcnt=\count318
\c@LineCTR=\count319
\c@ProgCTR=\count320
\c@ProgLinecnt=\count321
\PROGRAMBfboxsep=\dimen267
\PROGRAMBbk@bxb=\box140
\PROGRAMBbk@bxa=\box141
\PROGRAMBbk@lcnt=\count322
\PROGRAMCfboxsep=\dimen268
\PROGRAMCbk@bxb=\box142
\PROGRAMCbk@bxa=\box143
\PROGRAMCbk@lcnt=\count323
\endPROGRAMCskip=\skip68
\c@JIKKOU=\count324
\c@SETUMATUMONDAIcount=\count325
\c@ANSchap=\count326
\c@YokoenumiiSETUMATU=\count327
\c@MONDAIcount=\count328
\c@Yokoenumii=\count329
\c@CHUUIcount=\count330
\c@CHUUIiiicount=\count331
\c@TOIenumi=\count332
\c@TOIenumii=\count333
\c@YokoenumiTOI=\count334
\c@TEIRIcount=\count335
\c@TEIGIcount=\count336
\c@HODAIcount=\count337
\c@REIDAIcount=\count338
\c@REIcount=\count339
\c@KORIcount=\count340
\c@MEIDAIcount=\count341
\c@KEIcount=\count342
\@LQboxa=\box144
\@LQboxb=\box145
\@LQht=\dimen269
\linequoteindent=\dimen270
\hangwidth=\dimen271
) (/usr/local/texlive/2021/texmf-dist/tex/latex/base/alltt.sty
Package: alltt 2021/01/29 v2.0g defines alltt environment
) (/usr/local/texlive/2021/texmf-dist/tex/latex/listings/listings.sty
\lst@mode=\count343
\lst@gtempboxa=\box146
\lst@token=\toks46
\lst@length=\count344
\lst@currlwidth=\dimen272
\lst@column=\count345
\lst@pos=\count346
\lst@lostspace=\dimen273
\lst@width=\dimen274
\lst@newlines=\count347
\lst@lineno=\count348
\lst@maxwidth=\dimen275
 (/usr/local/texlive/2021/texmf-dist/tex/latex/listings/lstmisc.sty
File: lstmisc.sty 2020/03/24 1.8d (Carsten Heinz)
\c@lstnumber=\count349
\lst@skipnumbers=\count350
\lst@framebox=\box147
) (/usr/local/texlive/2021/texmf-dist/tex/latex/listings/listings.cfg
File: listings.cfg 2020/03/24 1.8d listings configuration
))
Package: listings 2020/03/24 1.8d (Carsten Heinz)
 (/usr/local/texlive/2021/texmf-dist/tex/latex/comment/comment.sty
\CommentStream=\write3
 Excluding comment 'comment') (/usr/local/texlive/2021/texmf-dist/tex/latex/caption/subcaption.sty
Package: subcaption 2020/10/07 v1.3j Sub-captions (AR)
 (/usr/local/texlive/2021/texmf-dist/tex/latex/caption/caption.sty
Package: caption 2020/10/26 v3.5g Customizing captions (AR)
 (/usr/local/texlive/2021/texmf-dist/tex/latex/caption/caption3.sty
Package: caption3 2020/10/21 v2.2e caption3 kernel (AR)
\captionmargin=\dimen276
\captionmargin@=\dimen277
\captionwidth=\dimen278
\caption@tempdima=\dimen279
\caption@indent=\dimen280
\caption@parindent=\dimen281
\caption@hangindent=\dimen282
Package caption Info: Unknown document class (or package),
(caption)             standard defaults will be used.
Package caption Info: \@makecaption = \long macro:#1#2->\footnotesize \baselineskip 15\h \vskip \abovecaptionskip \setbox \@tempboxa \hbox {{\bfseries #1}\hskip 1zw\shortstack [l]{#2}}\@tempdima \ht \@tempboxa \advance \@tempdima \dp \@tempboxa \if@hangalign \setbox \@tempboxb \hbox {{\bfseries #1}\hskip 1zw}\else \setbox \@tempboxb \hbox {{\bfseries \hspace {\hangwidth }}}\fi \addtolength {\capwidth }{\wd \@tempboxb } \if@hang \let \hang@or@not \hangindent \else \def \hang@or@not ##1##2{}\fi \ifdim \@tempdima > \baselineskip \ifdim \wd \@tempboxa > \capwidth \hfil \parbox [t]{\capwidth }{\hang@or@not \wd \@tempboxb {\bfseries #1}\hskip 1zw #2}\else \hfil \parbox [t]{\wd \@tempboxa }{\hang@or@not \wd \@tempboxb {\bfseries #1}\hskip 1zw #2}\fi \else \ifdim \wd \@tempboxa > \capwidth \hfil \parbox [t]{\capwidth }{\hang@or@not \wd \@tempboxb {\bfseries #1}\hskip 1zw #2}\hfil \else \setbox \@tempboxb \hbox {#2}\ifdim \wd \@tempboxb < 4.5zw \hbox to\hsize {\hfil {\bfseries #1}\hskip 1zw#2\hfil } \else \hbox to\hsize {\hfil \box \@tempboxa \hfil } \fi \fi \fi \vskip \belowcaptionskip  on input line 1139.
)

Package caption Warning: Unknown document class (or package),
(caption)                standard defaults will be used.
See the caption package documentation for explanation.

\c@caption@flags=\count351
\c@continuedfloat=\count352
Package caption Info: hyperref package is loaded.
Package caption Info: listings package is loaded.
Package caption Info: longtable package is loaded.
(/usr/local/texlive/2021/texmf-dist/tex/latex/caption/ltcaption.sty
Package: ltcaption 2020/05/30 v1.4b longtable captions (AR)
))
\c@subfigure=\count353
\c@subtable=\count354
)
\c@theorem=\count355
\c@lemma=\count356
\c@corollary=\count357
\c@definition=\count358
\c@example=\count359
\c@proof=\count360
\c@assumption=\count361
\c@proposition=\count362
\c@problem=\count363
\c@remark=\count364
) (/usr/local/texlive/2021/texmf-dist/tex/latex/l3backend/l3backend-dvipdfmx.def
File: l3backend-dvipdfmx.def 2021-05-07 L3 backend support: dvipdfmx
 (|extractbb --version)
\c__kernel_sys_dvipdfmx_version_int=\count365
\l__color_backend_stack_int=\count366
\g__color_backend_stack_int=\count367
\g__graphics_track_int=\count368
\l__pdf_internal_box=\box148
\g__pdf_backend_object_int=\count369
\g__pdf_backend_annotation_int=\count370
\g__pdf_backend_link_int=\count371
) (./docstability5_en.aux)
\openout1 = `docstability5_en.aux'.

LaTeX Font Info:    Checking defaults for OML/cmm/m/it on input line 6.
LaTeX Font Info:    ... okay on input line 6.
LaTeX Font Info:    Checking defaults for OMS/cmsy/m/n on input line 6.
LaTeX Font Info:    ... okay on input line 6.
LaTeX Font Info:    Checking defaults for OT1/cmr/m/n on input line 6.
LaTeX Font Info:    ... okay on input line 6.
LaTeX Font Info:    Checking defaults for T1/cmr/m/n on input line 6.
LaTeX Font Info:    ... okay on input line 6.
LaTeX Font Info:    Checking defaults for TS1/cmr/m/n on input line 6.
LaTeX Font Info:    ... okay on input line 6.
LaTeX Font Info:    Checking defaults for OMX/cmex/m/n on input line 6.
LaTeX Font Info:    ... okay on input line 6.
LaTeX Font Info:    Checking defaults for U/cmr/m/n on input line 6.
LaTeX Font Info:    ... okay on input line 6.
LaTeX Font Info:    Checking defaults for JY1/mc/m/n on input line 6.
LaTeX Font Info:    ... okay on input line 6.
LaTeX Font Info:    Checking defaults for JT1/mc/m/n on input line 6.
LaTeX Font Info:    ... okay on input line 6.
LaTeX Font Info:    Checking defaults for PD1/pdf/m/n on input line 6.
LaTeX Font Info:    ... okay on input line 6.
LaTeX Font Info:    Checking defaults for PU/pdf/m/n on input line 6.
LaTeX Font Info:    ... okay on input line 6.
Package hyperref Info: Link coloring OFF on input line 6.
 (/usr/local/texlive/2021/texmf-dist/tex/latex/hyperref/nameref.sty
Package: nameref 2021-04-02 v2.47 Cross-referencing by name of section
 (/usr/local/texlive/2021/texmf-dist/tex/latex/refcount/refcount.sty
Package: refcount 2019/12/15 v3.6 Data extraction from label references (HO)
) (/usr/local/texlive/2021/texmf-dist/tex/generic/gettitlestring/gettitlestring.sty
Package: gettitlestring 2019/12/15 v1.6 Cleanup title references (HO)
)
\c@section@level=\count372
)
LaTeX Info: Redefining \ref on input line 6.
LaTeX Info: Redefining \pageref on input line 6.
LaTeX Info: Redefining \nameref on input line 6.
 (./docstability5_en.out) (./docstability5_en.out)
\@outlinefile=\write4
\openout4 = `docstability5_en.out'.

\c@lstlisting=\count373
Package caption Info: Begin \AtBeginDocument code.
Package caption Info: End \AtBeginDocument code.

第 1 章

Package hyperref Warning: Token not allowed in a PDF string (PDFDocEncoding):
(hyperref)                removing `\setbox' on input line 9.


Package hyperref Warning: Token not allowed in a PDF string (PDFDocEncoding):
(hyperref)                removing `\@tempboxa' on input line 9.


Package hyperref Warning: Token not allowed in a PDF string (PDFDocEncoding):
(hyperref)                removing `\hbox' on input line 9.


Package hyperref Warning: Token not allowed in a PDF string (PDFDocEncoding):
(hyperref)                removing `\@tempdima' on input line 9.


Package hyperref Warning: Token not allowed in a PDF string (PDFDocEncoding):
(hyperref)                removing `\wd' on input line 9.


Package hyperref Warning: Token not allowed in a PDF string (PDFDocEncoding):
(hyperref)                removing `\@tempboxa' on input line 9.


Package hyperref Warning: Token not allowed in a PDF string (PDFDocEncoding):
(hyperref)                removing `\setbox' on input line 9.


Package hyperref Warning: Token not allowed in a PDF string (PDFDocEncoding):
(hyperref)                removing `\@tempboxa' on input line 9.


Package hyperref Warning: Token not allowed in a PDF string (PDFDocEncoding):
(hyperref)                removing `\box' on input line 9.


Package hyperref Warning: Token not allowed in a PDF string (PDFDocEncoding):
(hyperref)                removing `\voidb@x' on input line 9.

LaTeX Font Info:    Font shape `JT1/mc/m/sl' in size <10> not available
(Font)              Font shape `JT1/gt/m/n' tried instead on input line 9.
LaTeX Font Info:    Font shape `JY1/mc/m/sl' in size <10> not available
(Font)              Font shape `JY1/gt/m/n' tried instead on input line 9.
LaTeX Font Info:    Font shape `JT1/mc/bx/sl' in size <10> not available
(Font)              Font shape `JT1/gt/m/n' tried instead on input line 9.
LaTeX Font Info:    Font shape `JY1/mc/bx/sl' in size <10> not available
(Font)              Font shape `JY1/gt/m/n' tried instead on input line 9.
LaTeX Font Info:    Font shape `JT1/mc/bx/sl' in size <24.88> not available
(Font)              Font shape `JT1/gt/m/n' tried instead on input line 9.
LaTeX Font Info:    Font shape `JY1/mc/bx/sl' in size <24.88> not available
(Font)              Font shape `JY1/gt/m/n' tried instead on input line 9.
LaTeX Font Info:    Font shape `JT1/mc/bx/n' in size <10> not available
(Font)              Font shape `JT1/gt/m/n' tried instead on input line 9.
LaTeX Font Info:    Font shape `JY1/mc/bx/n' will be
(Font)              scaled to size 9.60999pt on input line 9.
LaTeX Font Info:    Font shape `JT1/mc/bx/n' in size <14> not available
(Font)              Font shape `JT1/gt/m/n' tried instead on input line 9.

Overfull \hbox (150.28218pt too wide) in paragraph at lines 9--9
[] 
 []

LaTeX Font Info:    Font shape `JY1/mc/m/n' will be
(Font)              scaled to size 8.87036pt on input line 18.
LaTeX Font Info:    Font shape `JT1/mc/bx/n' in size <9> not available
(Font)              Font shape `JT1/gt/m/n' tried instead on input line 19.
LaTeX Font Info:    Font shape `JY1/mc/bx/n' will be
(Font)              scaled to size 8.87036pt on input line 19.
LaTeX Font Info:    Font shape `JY1/mc/m/n' will be
(Font)              scaled to size 5.914pt on input line 21.
LaTeX Font Info:    Trying to load font information for U+msa on input line 21.
(/usr/local/texlive/2021/texmf-dist/tex/latex/amsfonts/umsa.fd
File: umsa.fd 2013/01/14 v3.01 AMS symbols A
)
LaTeX Font Info:    Trying to load font information for U+msb on input line 21.
 (/usr/local/texlive/2021/texmf-dist/tex/latex/amsfonts/umsb.fd
File: umsb.fd 2013/01/14 v3.01 AMS symbols B
)
LaTeX Font Info:    Font shape `JT1/gt/m/it' in size <9> not available
(Font)              Font shape `JT1/gt/m/n' tried instead on input line 28.
LaTeX Font Info:    Font shape `JY1/gt/m/it' in size <9> not available
(Font)              Font shape `JY1/gt/m/n' tried instead on input line 28.
 [1


]
LaTeX Font Info:    Font shape `JT1/mc/bx/n' in size <11.82813> not available
(Font)              Font shape `JT1/gt/m/n' tried instead on input line 43.
LaTeX Font Info:    Font shape `JY1/mc/m/n' will be
(Font)              scaled to size 7.39253pt on input line 43.


Package hyperref Warning: Token not allowed in a PDF string (PDFDocEncoding):
(hyperref)                removing `\setbox' on input line 43.


Package hyperref Warning: Token not allowed in a PDF string (PDFDocEncoding):
(hyperref)                removing `\@tempboxa' on input line 43.


Package hyperref Warning: Token not allowed in a PDF string (PDFDocEncoding):
(hyperref)                removing `\hbox' on input line 43.


Package hyperref Warning: Token not allowed in a PDF string (PDFDocEncoding):
(hyperref)                removing `\@tempdima' on input line 43.


Package hyperref Warning: Token not allowed in a PDF string (PDFDocEncoding):
(hyperref)                removing `\wd' on input line 43.


Package hyperref Warning: Token not allowed in a PDF string (PDFDocEncoding):
(hyperref)                removing `\@tempboxa' on input line 43.


Package hyperref Warning: Token not allowed in a PDF string (PDFDocEncoding):
(hyperref)                removing `\setbox' on input line 43.


Package hyperref Warning: Token not allowed in a PDF string (PDFDocEncoding):
(hyperref)                removing `\@tempboxa' on input line 43.


Package hyperref Warning: Token not allowed in a PDF string (PDFDocEncoding):
(hyperref)                removing `\box' on input line 43.


Package hyperref Warning: Token not allowed in a PDF string (PDFDocEncoding):
(hyperref)                removing `\voidb@x' on input line 43.


Package hyperref Warning: Token not allowed in a PDF string (PDFDocEncoding):
(hyperref)                removing `\setbox' on input line 45.


Package hyperref Warning: Token not allowed in a PDF string (PDFDocEncoding):
(hyperref)                removing `\@tempboxa' on input line 45.


Package hyperref Warning: Token not allowed in a PDF string (PDFDocEncoding):
(hyperref)                removing `\hbox' on input line 45.


Package hyperref Warning: Token not allowed in a PDF string (PDFDocEncoding):
(hyperref)                removing `\@tempdima' on input line 45.


Package hyperref Warning: Token not allowed in a PDF string (PDFDocEncoding):
(hyperref)                removing `\wd' on input line 45.


Package hyperref Warning: Token not allowed in a PDF string (PDFDocEncoding):
(hyperref)                removing `\@tempboxa' on input line 45.


Package hyperref Warning: Token not allowed in a PDF string (PDFDocEncoding):
(hyperref)                removing `\setbox' on input line 45.


Package hyperref Warning: Token not allowed in a PDF string (PDFDocEncoding):
(hyperref)                removing `\@tempboxa' on input line 45.


Package hyperref Warning: Token not allowed in a PDF string (PDFDocEncoding):
(hyperref)                removing `\box' on input line 45.


Package hyperref Warning: Token not allowed in a PDF string (PDFDocEncoding):
(hyperref)                removing `\voidb@x' on input line 45.


LaTeX Warning: Reference `sec:allgen' on page 2 undefined on input line 47.

LaTeX Font Info:    Font shape `JT1/mc/m/sl' in size <9> not available
(Font)              Font shape `JT1/gt/m/n' tried instead on input line 67.
LaTeX Font Info:    Font shape `JY1/mc/m/sl' in size <9> not available
(Font)              Font shape `JY1/gt/m/n' tried instead on input line 67.

Overfull \hbox (10.81535pt too wide) has occurred while \output is active
 \OT1/cmr/m/sl/9 2 []$[]$[] 
 []

[2] [3]
Overfull \hbox (10.81535pt too wide) has occurred while \output is active
 \OT1/cmr/m/sl/9 4 []$[]$[] 
 []

[4]

LaTeX Warning: Reference `sec:onemachine' on page 5 undefined on input line 275.

[5]
File: figs/blocklinsys3.pdf Graphic file (type pdf)
<figs/blocklinsys3.pdf>
LaTeX Font Info:    Font shape `JT1/mc/bx/n' in size <8> not available
(Font)              Font shape `JT1/gt/m/n' tried instead on input line 281.
LaTeX Font Info:    Font shape `JY1/mc/bx/n' will be
(Font)              scaled to size 8.13171pt on input line 281.

Overfull \hbox (8.96265pt too wide) in paragraph at lines 286--286
[]\OT1/cmr/bx/n/10 Stability de-ter-mi-na-tion for the lin-ear ap-prox-i-ma-tion model 
 []


Package hyperref Warning: Token not allowed in a PDF string (PDFDocEncoding):
(hyperref)                removing `\setbox' on input line 286.


Package hyperref Warning: Token not allowed in a PDF string (PDFDocEncoding):
(hyperref)                removing `\@tempboxa' on input line 286.


Package hyperref Warning: Token not allowed in a PDF string (PDFDocEncoding):
(hyperref)                removing `\hbox' on input line 286.


Package hyperref Warning: Token not allowed in a PDF string (PDFDocEncoding):
(hyperref)                removing `\@tempdima' on input line 286.


Package hyperref Warning: Token not allowed in a PDF string (PDFDocEncoding):
(hyperref)                removing `\wd' on input line 286.


Package hyperref Warning: Token not allowed in a PDF string (PDFDocEncoding):
(hyperref)                removing `\@tempboxa' on input line 286.


Package hyperref Warning: Token not allowed in a PDF string (PDFDocEncoding):
(hyperref)                removing `\setbox' on input line 286.


Package hyperref Warning: Token not allowed in a PDF string (PDFDocEncoding):
(hyperref)                removing `\@tempboxa' on input line 286.


Package hyperref Warning: Token not allowed in a PDF string (PDFDocEncoding):
(hyperref)                removing `\box' on input line 286.


Package hyperref Warning: Token not allowed in a PDF string (PDFDocEncoding):
(hyperref)                removing `\voidb@x' on input line 286.


Overfull \hbox (10.81535pt too wide) has occurred while \output is active
 \OT1/cmr/m/sl/9 6 []$[]$[] 
 []

[6] [7]
LaTeX Font Info:    Trying to load font information for U+dsrom on input line 357.
 (/usr/local/texlive/2021/texmf-dist/tex/latex/doublestroke/Udsrom.fd
File: Udsrom.fd 1995/08/01 v0.1 Double stroke roman font definitions
)
Overfull \hbox (10.81535pt too wide) has occurred while \output is active
 \OT1/cmr/m/sl/9 8 []$[]$[] 
 []

[8]
Overfull \hbox (5.26645pt too wide) in paragraph at lines 385--385
[]\OT1/cmr/bx/n/12 Stability anal-y-sis of the lin-ear ap-prox-i-ma-tion model
 []


Package hyperref Warning: Token not allowed in a PDF string (PDFDocEncoding):
(hyperref)                removing `\setbox' on input line 385.


Package hyperref Warning: Token not allowed in a PDF string (PDFDocEncoding):
(hyperref)                removing `\@tempboxa' on input line 385.


Package hyperref Warning: Token not allowed in a PDF string (PDFDocEncoding):
(hyperref)                removing `\hbox' on input line 385.


Package hyperref Warning: Token not allowed in a PDF string (PDFDocEncoding):
(hyperref)                removing `\@tempdima' on input line 385.


Package hyperref Warning: Token not allowed in a PDF string (PDFDocEncoding):
(hyperref)                removing `\wd' on input line 385.


Package hyperref Warning: Token not allowed in a PDF string (PDFDocEncoding):
(hyperref)                removing `\@tempboxa' on input line 385.


Package hyperref Warning: Token not allowed in a PDF string (PDFDocEncoding):
(hyperref)                removing `\setbox' on input line 385.


Package hyperref Warning: Token not allowed in a PDF string (PDFDocEncoding):
(hyperref)                removing `\@tempboxa' on input line 385.


Package hyperref Warning: Token not allowed in a PDF string (PDFDocEncoding):
(hyperref)                removing `\box' on input line 385.


Package hyperref Warning: Token not allowed in a PDF string (PDFDocEncoding):
(hyperref)                removing `\voidb@x' on input line 385.


Overfull \hbox (8.01956pt too wide) in paragraph at lines 387--387
[]\OT1/cmr/bx/n/10 How to im-ple-ment ap-prox-i-mate lin-eariza-tion us-ing a group
 []


Package hyperref Warning: Token not allowed in a PDF string (PDFDocEncoding):
(hyperref)                removing `\setbox' on input line 387.


Package hyperref Warning: Token not allowed in a PDF string (PDFDocEncoding):
(hyperref)                removing `\@tempboxa' on input line 387.


Package hyperref Warning: Token not allowed in a PDF string (PDFDocEncoding):
(hyperref)                removing `\hbox' on input line 387.


Package hyperref Warning: Token not allowed in a PDF string (PDFDocEncoding):
(hyperref)                removing `\@tempdima' on input line 387.


Package hyperref Warning: Token not allowed in a PDF string (PDFDocEncoding):
(hyperref)                removing `\wd' on input line 387.


Package hyperref Warning: Token not allowed in a PDF string (PDFDocEncoding):
(hyperref)                removing `\@tempboxa' on input line 387.


Package hyperref Warning: Token not allowed in a PDF string (PDFDocEncoding):
(hyperref)                removing `\setbox' on input line 387.


Package hyperref Warning: Token not allowed in a PDF string (PDFDocEncoding):
(hyperref)                removing `\@tempboxa' on input line 387.


Package hyperref Warning: Token not allowed in a PDF string (PDFDocEncoding):
(hyperref)                removing `\box' on input line 387.


Package hyperref Warning: Token not allowed in a PDF string (PDFDocEncoding):
(hyperref)                removing `\voidb@x' on input line 387.


LaTeX Warning: Reference `sec:powfcal' on page 9 undefined on input line 390.


LaTeX Warning: Reference `sec:timerescal' on page 9 undefined on input line 390.


LaTeX Warning: Reference `sec:timerescal' on page 9 undefined on input line 392.


Overfull \hbox (16.79967pt too wide) in paragraph at lines 398--416
\OT1/cmr/m/n/10 In the fol-low-ing, the equi-lib-rium point of the de-vice of in-ter-est is $(\OML/cmm/m/it/10 x[]; [][]; [][]; u[]\OT1/cmr/m/n/10 )$
 []


Overfull \hbox (61.2928pt too wide) has occurred while \output is active
 []$[]$[] \OT1/cmr/m/sl/9 9 
 []

[9]

LaTeX Warning: Reference `sec:powfcal' on page 10 undefined on input line 448.


Overfull \hbox (3.72208pt too wide) in paragraph at lines 446--450
[] []\OT1/cmr/m/n/10 Trans-lated with
 []


Overfull \hbox (4.04019pt too wide) detected at line 471
[]
 []


Overfull \hbox (15.44032pt too wide) has occurred while \output is active
 \OT1/cmr/m/sl/9 10 []$[]$[] 
 []

[10]
Overfull \hbox (11.40062pt too wide) detected at line 484
[]
 []


Overfull \hbox (18.49374pt too wide) in paragraph at lines 594--594
[]
 []


Overfull \hbox (65.91777pt too wide) has occurred while \output is active
 []$[]$[] \OT1/cmr/m/sl/9 11 
 []

[11]
Overfull \hbox (15.44032pt too wide) has occurred while \output is active
 \OT1/cmr/m/sl/9 12 []$[]$[] 
 []

[12]
Overfull \hbox (18.49374pt too wide) in paragraph at lines 641--641
[]
 []


Overfull \hbox (65.91777pt too wide) has occurred while \output is active
 []$[]$[] \OT1/cmr/m/sl/9 13 
 []

[13]
Overfull \hbox (18.49374pt too wide) in paragraph at lines 700--700
[]
 []


Overfull \hbox (15.44032pt too wide) has occurred while \output is active
 \OT1/cmr/m/sl/9 14 []$[]$[] 
 []

[14]
Overfull \hbox (18.49374pt too wide) in paragraph at lines 717--717
[]
 []


Overfull \hbox (65.91777pt too wide) has occurred while \output is active
 []$[]$[] \OT1/cmr/m/sl/9 15 
 []

[15]

Package hyperref Warning: Token not allowed in a PDF string (PDFDocEncoding):
(hyperref)                removing `\setbox' on input line 728.


Package hyperref Warning: Token not allowed in a PDF string (PDFDocEncoding):
(hyperref)                removing `\@tempboxa' on input line 728.


Package hyperref Warning: Token not allowed in a PDF string (PDFDocEncoding):
(hyperref)                removing `\hbox' on input line 728.


Package hyperref Warning: Token not allowed in a PDF string (PDFDocEncoding):
(hyperref)                removing `\@tempdima' on input line 728.


Package hyperref Warning: Token not allowed in a PDF string (PDFDocEncoding):
(hyperref)                removing `\wd' on input line 728.


Package hyperref Warning: Token not allowed in a PDF string (PDFDocEncoding):
(hyperref)                removing `\@tempboxa' on input line 728.


Package hyperref Warning: Token not allowed in a PDF string (PDFDocEncoding):
(hyperref)                removing `\setbox' on input line 728.


Package hyperref Warning: Token not allowed in a PDF string (PDFDocEncoding):
(hyperref)                removing `\@tempboxa' on input line 728.


Package hyperref Warning: Token not allowed in a PDF string (PDFDocEncoding):
(hyperref)                removing `\box' on input line 728.


Package hyperref Warning: Token not allowed in a PDF string (PDFDocEncoding):
(hyperref)                removing `\voidb@x' on input line 728.

File: figs/Domegalin.pdf Graphic file (type pdf)
<figs/Domegalin.pdf>
File: figs/deltalin.pdf Graphic file (type pdf)
<figs/deltalin.pdf>
File: figs/Elin.pdf Graphic file (type pdf)
<figs/Elin.pdf>
File: figs/Plin.pdf Graphic file (type pdf)
<figs/Plin.pdf>

LaTeX Warning: Reference `ex:Kronode' on page 16 undefined on input line 826.


LaTeX Warning: Reference `ex:Kronode' on page 16 undefined on input line 827.


LaTeX Warning: Reference `table:gensteady' on page 16 undefined on input line 827.


LaTeX Warning: Reference `eq:exdelE0' on page 16 undefined on input line 828.


Overfull \hbox (4.3888pt too wide) in paragraph at lines 825--829
[][]
 []


LaTeX Warning: Reference `fig:Kron0' on page 16 undefined on input line 856.


Overfull \hbox (15.44032pt too wide) has occurred while \output is active
 \OT1/cmr/m/sl/9 16 []$[]$[] 
 []

[16]

LaTeX Warning: Reference `table:genparams' on page 17 undefined on input line 867.


LaTeX Warning: Reference `table:gensteady' on page 17 undefined on input line 877.


LaTeX Warning: Reference `eq:defadpara' on page 17 undefined on input line 880.


LaTeX Warning: Reference `eq:exY' on page 17 undefined on input line 880.


Overfull \hbox (65.91777pt too wide) has occurred while \output is active
 []$[]$[] \OT1/cmr/m/sl/9 17 
 []

[17]
Overfull \hbox (15.44032pt too wide) has occurred while \output is active
 \OT1/cmr/m/sl/9 18 []$[]$[] 
 []

[18]
File: figs/Y1D1.pdf Graphic file (type pdf)
<figs/Y1D1.pdf>
File: figs/Y1D0.01.pdf Graphic file (type pdf)
<figs/Y1D0.01.pdf>
File: figs/Y0.01D1.pdf Graphic file (type pdf)
<figs/Y0.01D1.pdf>
File: figs/Y0.01D0.01.pdf Graphic file (type pdf)
<figs/Y0.01D0.01.pdf>
LaTeX Font Info:    Calculating math sizes for size <11.82813> on input line 987.


Package hyperref Warning: Token not allowed in a PDF string (PDFDocEncoding):
(hyperref)                removing `\setbox' on input line 987.


Package hyperref Warning: Token not allowed in a PDF string (PDFDocEncoding):
(hyperref)                removing `\@tempboxa' on input line 987.


Package hyperref Warning: Token not allowed in a PDF string (PDFDocEncoding):
(hyperref)                removing `\hbox' on input line 987.


Package hyperref Warning: Token not allowed in a PDF string (PDFDocEncoding):
(hyperref)                removing `math shift' on input line 987.


Package hyperref Warning: Token not allowed in a PDF string (PDFDocEncoding):
(hyperref)                removing `superscript' on input line 987.


Package hyperref Warning: Token not allowed in a PDF string (PDFDocEncoding):
(hyperref)                removing `math shift' on input line 987.


Package hyperref Warning: Token not allowed in a PDF string (PDFDocEncoding):
(hyperref)                removing `\@tempdima' on input line 987.


Package hyperref Warning: Token not allowed in a PDF string (PDFDocEncoding):
(hyperref)                removing `\wd' on input line 987.


Package hyperref Warning: Token not allowed in a PDF string (PDFDocEncoding):
(hyperref)                removing `\@tempboxa' on input line 987.


Package hyperref Warning: Token not allowed in a PDF string (PDFDocEncoding):
(hyperref)                removing `\setbox' on input line 987.


Package hyperref Warning: Token not allowed in a PDF string (PDFDocEncoding):
(hyperref)                removing `\@tempboxa' on input line 987.


Package hyperref Warning: Token not allowed in a PDF string (PDFDocEncoding):
(hyperref)                removing `\box' on input line 987.


Package hyperref Warning: Token not allowed in a PDF string (PDFDocEncoding):
(hyperref)                removing `\voidb@x' on input line 987.


Package hyperref Warning: Token not allowed in a PDF string (PDFDocEncoding):
(hyperref)                removing `math shift' on input line 987.


Package hyperref Warning: Token not allowed in a PDF string (PDFDocEncoding):
(hyperref)                removing `superscript' on input line 987.


Package hyperref Warning: Token not allowed in a PDF string (PDFDocEncoding):
(hyperref)                removing `math shift' on input line 987.


Package hyperref Warning: Token not allowed in a PDF string (PDFDocEncoding):
(hyperref)                removing `\setbox' on input line 989.


Package hyperref Warning: Token not allowed in a PDF string (PDFDocEncoding):
(hyperref)                removing `\@tempboxa' on input line 989.


Package hyperref Warning: Token not allowed in a PDF string (PDFDocEncoding):
(hyperref)                removing `\hbox' on input line 989.


Package hyperref Warning: Token not allowed in a PDF string (PDFDocEncoding):
(hyperref)                removing `math shift' on input line 989.


Package hyperref Warning: Token not allowed in a PDF string (PDFDocEncoding):
(hyperref)                removing `superscript' on input line 989.


Package hyperref Warning: Token not allowed in a PDF string (PDFDocEncoding):
(hyperref)                removing `math shift' on input line 989.


Package hyperref Warning: Token not allowed in a PDF string (PDFDocEncoding):
(hyperref)                removing `\@tempdima' on input line 989.


Package hyperref Warning: Token not allowed in a PDF string (PDFDocEncoding):
(hyperref)                removing `\wd' on input line 989.


Package hyperref Warning: Token not allowed in a PDF string (PDFDocEncoding):
(hyperref)                removing `\@tempboxa' on input line 989.


Package hyperref Warning: Token not allowed in a PDF string (PDFDocEncoding):
(hyperref)                removing `\setbox' on input line 989.


Package hyperref Warning: Token not allowed in a PDF string (PDFDocEncoding):
(hyperref)                removing `\@tempboxa' on input line 989.


Package hyperref Warning: Token not allowed in a PDF string (PDFDocEncoding):
(hyperref)                removing `\box' on input line 989.


Package hyperref Warning: Token not allowed in a PDF string (PDFDocEncoding):
(hyperref)                removing `\voidb@x' on input line 989.


Package hyperref Warning: Token not allowed in a PDF string (PDFDocEncoding):
(hyperref)                removing `math shift' on input line 989.


Package hyperref Warning: Token not allowed in a PDF string (PDFDocEncoding):
(hyperref)                removing `superscript' on input line 989.


Package hyperref Warning: Token not allowed in a PDF string (PDFDocEncoding):
(hyperref)                removing `math shift' on input line 989.


Overfull \hbox (21.53471pt too wide) has occurred while \output is active
 []$[]$[] \OT1/cmr/m/sl/9 19 
 []

[19]
Overfull \hbox (1.3301pt too wide) in paragraph at lines 1038--1046
[]
 []


LaTeX Warning: Reference `eq: nesconker' on page 20 undefined on input line 1064.


Overfull \hbox (15.44032pt too wide) has occurred while \output is active
 \OT1/cmr/m/sl/9 20 []$[]$[] 
 []

[20]

Package hyperref Warning: Token not allowed in a PDF string (PDFDocEncoding):
(hyperref)                removing `\setbox' on input line 1119.


Package hyperref Warning: Token not allowed in a PDF string (PDFDocEncoding):
(hyperref)                removing `\@tempboxa' on input line 1119.


Package hyperref Warning: Token not allowed in a PDF string (PDFDocEncoding):
(hyperref)                removing `\hbox' on input line 1119.


Package hyperref Warning: Token not allowed in a PDF string (PDFDocEncoding):
(hyperref)                removing `math shift' on input line 1119.


Package hyperref Warning: Token not allowed in a PDF string (PDFDocEncoding):
(hyperref)                removing `superscript' on input line 1119.


Package hyperref Warning: Token not allowed in a PDF string (PDFDocEncoding):
(hyperref)                removing `math shift' on input line 1119.


Package hyperref Warning: Token not allowed in a PDF string (PDFDocEncoding):
(hyperref)                removing `\@tempdima' on input line 1119.


Package hyperref Warning: Token not allowed in a PDF string (PDFDocEncoding):
(hyperref)                removing `\wd' on input line 1119.


Package hyperref Warning: Token not allowed in a PDF string (PDFDocEncoding):
(hyperref)                removing `\@tempboxa' on input line 1119.


Package hyperref Warning: Token not allowed in a PDF string (PDFDocEncoding):
(hyperref)                removing `\setbox' on input line 1119.


Package hyperref Warning: Token not allowed in a PDF string (PDFDocEncoding):
(hyperref)                removing `\@tempboxa' on input line 1119.


Package hyperref Warning: Token not allowed in a PDF string (PDFDocEncoding):
(hyperref)                removing `\box' on input line 1119.


Package hyperref Warning: Token not allowed in a PDF string (PDFDocEncoding):
(hyperref)                removing `\voidb@x' on input line 1119.


Package hyperref Warning: Token not allowed in a PDF string (PDFDocEncoding):
(hyperref)                removing `math shift' on input line 1119.


Package hyperref Warning: Token not allowed in a PDF string (PDFDocEncoding):
(hyperref)                removing `superscript' on input line 1119.


Package hyperref Warning: Token not allowed in a PDF string (PDFDocEncoding):
(hyperref)                removing `math shift' on input line 1119.

File: figs/FandG.pdf Graphic file (type pdf)
<figs/FandG.pdf>

Overfull \hbox (21.53471pt too wide) has occurred while \output is active
 []$[]$[] \OT1/cmr/m/sl/9 21 
 []

[21]
Overfull \hbox (15.44032pt too wide) has occurred while \output is active
 \OT1/cmr/m/sl/9 22 []$[]$[] 
 []

[22]
Overfull \hbox (21.53471pt too wide) has occurred while \output is active
 []$[]$[] \OT1/cmr/m/sl/9 23 
 []

[23]
Overfull \hbox (15.44032pt too wide) has occurred while \output is active
 \OT1/cmr/m/sl/9 24 []$[]$[] 
 []

[24]
Overfull \hbox (21.53471pt too wide) has occurred while \output is active
 []$[]$[] \OT1/cmr/m/sl/9 25 
 []

[25]

LaTeX Warning: Citation `bernstein2009matrix' on page 26 undefined on input line 1378.


Overfull \hbox (15.44032pt too wide) has occurred while \output is active
 \OT1/cmr/m/sl/9 26 []$[]$[] 
 []

[26]
Overfull \hbox (21.53471pt too wide) has occurred while \output is active
 []$[]$[] \OT1/cmr/m/sl/9 27 
 []

[27]
Overfull \hbox (7.2466pt too wide) in paragraph at lines 1427--1432
[][] \OT1/cmr/m/n/10 For the sys-tem ma-
 []


Package hyperref Warning: Token not allowed in a PDF string (PDFDocEncoding):
(hyperref)                removing `\setbox' on input line 1445.


Package hyperref Warning: Token not allowed in a PDF string (PDFDocEncoding):
(hyperref)                removing `\@tempboxa' on input line 1445.


Package hyperref Warning: Token not allowed in a PDF string (PDFDocEncoding):
(hyperref)                removing `\hbox' on input line 1445.


Package hyperref Warning: Token not allowed in a PDF string (PDFDocEncoding):
(hyperref)                removing `math shift' on input line 1445.


Package hyperref Warning: Token not allowed in a PDF string (PDFDocEncoding):
(hyperref)                removing `superscript' on input line 1445.


Package hyperref Warning: Token not allowed in a PDF string (PDFDocEncoding):
(hyperref)                removing `math shift' on input line 1445.


Package hyperref Warning: Token not allowed in a PDF string (PDFDocEncoding):
(hyperref)                removing `\@tempdima' on input line 1445.


Package hyperref Warning: Token not allowed in a PDF string (PDFDocEncoding):
(hyperref)                removing `\wd' on input line 1445.


Package hyperref Warning: Token not allowed in a PDF string (PDFDocEncoding):
(hyperref)                removing `\@tempboxa' on input line 1445.


Package hyperref Warning: Token not allowed in a PDF string (PDFDocEncoding):
(hyperref)                removing `\setbox' on input line 1445.


Package hyperref Warning: Token not allowed in a PDF string (PDFDocEncoding):
(hyperref)                removing `\@tempboxa' on input line 1445.


Package hyperref Warning: Token not allowed in a PDF string (PDFDocEncoding):
(hyperref)                removing `\box' on input line 1445.


Package hyperref Warning: Token not allowed in a PDF string (PDFDocEncoding):
(hyperref)                removing `\voidb@x' on input line 1445.


Package hyperref Warning: Token not allowed in a PDF string (PDFDocEncoding):
(hyperref)                removing `math shift' on input line 1445.


Package hyperref Warning: Token not allowed in a PDF string (PDFDocEncoding):
(hyperref)                removing `superscript' on input line 1445.


Package hyperref Warning: Token not allowed in a PDF string (PDFDocEncoding):
(hyperref)                removing `math shift' on input line 1445.


Overfull \hbox (15.44032pt too wide) has occurred while \output is active
 \OT1/cmr/m/sl/9 28 []$[]$[] 
 []

[28]
Overfull \hbox (21.53471pt too wide) has occurred while \output is active
 []$[]$[] \OT1/cmr/m/sl/9 29 
 []

[29]
File: figs/cone.pdf Graphic file (type pdf)
<figs/cone.pdf>
Package hyperref Info: bookmark level for unknown COFFfigure defaults to 0 on input line 1552.

Underfull \hbox (badness 1005) in paragraph at lines 1552--1552
\OT1/cmr/bx/n/8 the so-lu-tion tra-jec-tory of the Lya-punov
 []


Overfull \hbox (15.44032pt too wide) has occurred while \output is active
 \OT1/cmr/m/sl/9 30 []$[]$[] 
 []

[30]
Overfull \hbox (21.53471pt too wide) has occurred while \output is active
 []$[]$[] \OT1/cmr/m/sl/9 31 
 []

[31]
File: figs/losslessW.pdf Graphic file (type pdf)
<figs/losslessW.pdf>
File: figs/lossyW.pdf Graphic file (type pdf)
<figs/lossyW.pdf>

Overfull \hbox (6.4164pt too wide) in paragraph at lines 1605--1609
[][] \OT1/cmr/m/n/10 Let us con-sider the
 []


Overfull \hbox (15.44032pt too wide) has occurred while \output is active
 \OT1/cmr/m/sl/9 32 []$[]$[] 
 []

[32]
Overfull \hbox (21.53471pt too wide) has occurred while \output is active
 []$[]$[] \OT1/cmr/m/sl/9 33 
 []

[33]
Overfull \hbox (15.44032pt too wide) has occurred while \output is active
 \OT1/cmr/m/sl/9 34 []$[]$[] 
 []

[34]
Overfull \hbox (4.26437pt too wide) in paragraph at lines 1726--1728
[]\OT1/cmr/m/n/10 Next, let us con-sider the in-verse trans-for-ma-tion of Equa-tion [](1.47)[]. Specif-
 []


Overfull \hbox (21.53471pt too wide) has occurred while \output is active
 []$[]$[] \OT1/cmr/m/sl/9 35 
 []

[35]
File: figs/orthogonal.pdf Graphic file (type pdf)
<figs/orthogonal.pdf>

Overfull \hbox (15.44032pt too wide) has occurred while \output is active
 \OT1/cmr/m/sl/9 36 []$[]$[] 
 []

[36]
Overfull \hbox (21.53471pt too wide) has occurred while \output is active
 []$[]$[] \OT1/cmr/m/sl/9 37 
 []

[37]
File: figs/FandGe2.pdf Graphic file (type pdf)
<figs/FandGe2.pdf>

Overfull \hbox (15.44032pt too wide) has occurred while \output is active
 \OT1/cmr/m/sl/9 38 []$[]$[] 
 []

[38]
Overfull \hbox (84.55247pt too wide) in paragraph at lines 1987--1990
[][]
 []


Overfull \hbox (21.53471pt too wide) has occurred while \output is active
 []$[]$[] \OT1/cmr/m/sl/9 39 
 []

[39]

Package hyperref Warning: Token not allowed in a PDF string (PDFDocEncoding):
(hyperref)                removing `\setbox' on input line 2000.


Package hyperref Warning: Token not allowed in a PDF string (PDFDocEncoding):
(hyperref)                removing `\@tempboxa' on input line 2000.


Package hyperref Warning: Token not allowed in a PDF string (PDFDocEncoding):
(hyperref)                removing `\hbox' on input line 2000.


Package hyperref Warning: Token not allowed in a PDF string (PDFDocEncoding):
(hyperref)                removing `math shift' on input line 2000.


Package hyperref Warning: Token not allowed in a PDF string (PDFDocEncoding):
(hyperref)                removing `superscript' on input line 2000.


Package hyperref Warning: Token not allowed in a PDF string (PDFDocEncoding):
(hyperref)                removing `math shift' on input line 2000.


Package hyperref Warning: Token not allowed in a PDF string (PDFDocEncoding):
(hyperref)                removing `\@tempdima' on input line 2000.


Package hyperref Warning: Token not allowed in a PDF string (PDFDocEncoding):
(hyperref)                removing `\wd' on input line 2000.


Package hyperref Warning: Token not allowed in a PDF string (PDFDocEncoding):
(hyperref)                removing `\@tempboxa' on input line 2000.


Package hyperref Warning: Token not allowed in a PDF string (PDFDocEncoding):
(hyperref)                removing `\setbox' on input line 2000.


Package hyperref Warning: Token not allowed in a PDF string (PDFDocEncoding):
(hyperref)                removing `\@tempboxa' on input line 2000.


Package hyperref Warning: Token not allowed in a PDF string (PDFDocEncoding):
(hyperref)                removing `\box' on input line 2000.


Package hyperref Warning: Token not allowed in a PDF string (PDFDocEncoding):
(hyperref)                removing `\voidb@x' on input line 2000.


Package hyperref Warning: Token not allowed in a PDF string (PDFDocEncoding):
(hyperref)                removing `math shift' on input line 2000.


Package hyperref Warning: Token not allowed in a PDF string (PDFDocEncoding):
(hyperref)                removing `superscript' on input line 2000.


Package hyperref Warning: Token not allowed in a PDF string (PDFDocEncoding):
(hyperref)                removing `math shift' on input line 2000.


Overfull \hbox (15.44032pt too wide) has occurred while \output is active
 \OT1/cmr/m/sl/9 40 []$[]$[] 
 []

[40]
Overfull \hbox (6.66325pt too wide) in paragraph at lines 2047--2049
[][] \OT1/cmr/m/n/10 For a square trans-
 []


Overfull \hbox (21.53471pt too wide) has occurred while \output is active
 []$[]$[] \OT1/cmr/m/sl/9 41 
 []

[41]
Overfull \hbox (5.24388pt too wide) detected at line 2064
[]
 []


Overfull \hbox (15.44032pt too wide) has occurred while \output is active
 \OT1/cmr/m/sl/9 42 []$[]$[] 
 []

[42]

LaTeX Warning: Citation `petersen2010feedback' on page 43 undefined on input line 2132.


LaTeX Warning: Citation `xiong2010negative' on page 43 undefined on input line 2132.


Overfull \hbox (7.49666pt too wide) in paragraph at lines 2134--2138
[] []\OT1/cmr/m/n/10 For a square
 []


Overfull \hbox (21.53471pt too wide) has occurred while \output is active
 []$[]$[] \OT1/cmr/m/sl/9 43 
 []

[43]
Overfull \hbox (5.90457pt too wide) detected at line 2147
[]
 []

File: figs/PRdom.pdf Graphic file (type pdf)
<figs/PRdom.pdf>
File: figs/NIdom.pdf Graphic file (type pdf)
<figs/NIdom.pdf>

Overfull \hbox (15.44032pt too wide) has occurred while \output is active
 \OT1/cmr/m/sl/9 44 []$[]$[] 
 []

[44]
Overfull \hbox (49.02446pt too wide) in paragraph at lines 2242--2247
[]
 []


Overfull \hbox (21.53471pt too wide) has occurred while \output is active
 []$[]$[] \OT1/cmr/m/sl/9 45 
 []

[45]
Overfull \hbox (15.44032pt too wide) has occurred while \output is active
 \OT1/cmr/m/sl/9 46 []$[]$[] 
 []

[46]
Overfull \hbox (21.53471pt too wide) has occurred while \output is active
 []$[]$[] \OT1/cmr/m/sl/9 47 
 []

[47]
File: figs/eigG.pdf Graphic file (type pdf)
<figs/eigG.pdf>
File: figs/eigH.pdf Graphic file (type pdf)
<figs/eigH.pdf>

Overfull \hbox (528.52843pt too wide) in paragraph at lines 2422--2429
[]
 []


Overfull \hbox (15.44032pt too wide) has occurred while \output is active
 \OT1/cmr/m/sl/9 48 []$[]$[] 
 []

[48]
Overfull \hbox (21.53471pt too wide) has occurred while \output is active
 []$[]$[] \OT1/cmr/m/sl/9 49 
 []

[49]
File: figs/Domegaspa.pdf Graphic file (type pdf)
<figs/Domegaspa.pdf>
File: figs/deltaspa.pdf Graphic file (type pdf)
<figs/deltaspa.pdf>
File: figs/Espa.pdf Graphic file (type pdf)
<figs/Espa.pdf>
File: figs/Pspa.pdf Graphic file (type pdf)
<figs/Pspa.pdf>

Overfull \hbox (52.91675pt too wide) in paragraph at lines 2536--2540
[]
 []


Overfull \hbox (15.44032pt too wide) has occurred while \output is active
 \OT1/cmr/m/sl/9 50 []$[]$[] 
 []

[50]

Package hyperref Warning: Token not allowed in a PDF string (PDFDocEncoding):
(hyperref)                removing `\setbox' on input line 2565.


Package hyperref Warning: Token not allowed in a PDF string (PDFDocEncoding):
(hyperref)                removing `\@tempboxa' on input line 2565.


Package hyperref Warning: Token not allowed in a PDF string (PDFDocEncoding):
(hyperref)                removing `\hbox' on input line 2565.


Package hyperref Warning: Token not allowed in a PDF string (PDFDocEncoding):
(hyperref)                removing `math shift' on input line 2565.


Package hyperref Warning: Token not allowed in a PDF string (PDFDocEncoding):
(hyperref)                removing `superscript' on input line 2565.


Package hyperref Warning: Token not allowed in a PDF string (PDFDocEncoding):
(hyperref)                removing `math shift' on input line 2565.


Package hyperref Warning: Token not allowed in a PDF string (PDFDocEncoding):
(hyperref)                removing `\@tempdima' on input line 2565.


Package hyperref Warning: Token not allowed in a PDF string (PDFDocEncoding):
(hyperref)                removing `\wd' on input line 2565.


Package hyperref Warning: Token not allowed in a PDF string (PDFDocEncoding):
(hyperref)                removing `\@tempboxa' on input line 2565.


Package hyperref Warning: Token not allowed in a PDF string (PDFDocEncoding):
(hyperref)                removing `\setbox' on input line 2565.


Package hyperref Warning: Token not allowed in a PDF string (PDFDocEncoding):
(hyperref)                removing `\@tempboxa' on input line 2565.


Package hyperref Warning: Token not allowed in a PDF string (PDFDocEncoding):
(hyperref)                removing `\box' on input line 2565.


Package hyperref Warning: Token not allowed in a PDF string (PDFDocEncoding):
(hyperref)                removing `\voidb@x' on input line 2565.


Package hyperref Warning: Token not allowed in a PDF string (PDFDocEncoding):
(hyperref)                removing `math shift' on input line 2565.


Package hyperref Warning: Token not allowed in a PDF string (PDFDocEncoding):
(hyperref)                removing `superscript' on input line 2565.


Package hyperref Warning: Token not allowed in a PDF string (PDFDocEncoding):
(hyperref)                removing `math shift' on input line 2565.


Overfull \hbox (21.53471pt too wide) has occurred while \output is active
 []$[]$[] \OT1/cmr/m/sl/9 51 
 []

[51]
Overfull \hbox (123.74684pt too wide) in paragraph at lines 2582--2585
[][]
 []


Overfull \hbox (15.44032pt too wide) has occurred while \output is active
 \OT1/cmr/m/sl/9 52 []$[]$[] 
 []

[52]

LaTeX Warning: Reference `eq: spamodel' on page 53 undefined on input line 2641.


LaTeX Warning: Reference `eq: lamsq' on page 53 undefined on input line 2644.


LaTeX Warning: Reference `eq: delhat0' on page 53 undefined on input line 2656.


Overfull \hbox (21.53471pt too wide) has occurred while \output is active
 []$[]$[] \OT1/cmr/m/sl/9 53 
 []

[53]
Overfull \hbox (1.3301pt too wide) in paragraph at lines 2665--2668
[][]
 []


Overfull \hbox (104.80556pt too wide) in paragraph at lines 2672--2679
[][]
 []


Overfull \hbox (15.44032pt too wide) has occurred while \output is active
 \OT1/cmr/m/sl/9 54 []$[]$[] 
 []

[54]
File: figs/Y1D1X.pdf Graphic file (type pdf)
<figs/Y1D1X.pdf>
File: figs/Y1D0.01X.pdf Graphic file (type pdf)
<figs/Y1D0.01X.pdf>
File: figs/Y0.01D1X.pdf Graphic file (type pdf)
<figs/Y0.01D1X.pdf>
File: figs/Y0.01D0.01X.pdf Graphic file (type pdf)
<figs/Y0.01D0.01X.pdf>

Overfull \hbox (21.53471pt too wide) has occurred while \output is active
 []$[]$[] \OT1/cmr/m/sl/9 55 
 []

[55]

LaTeX Warning: Citation `antoulas2005approximation' on page 56 undefined on input line 2758.


LaTeX Warning: Citation `anderson1967system' on page 56 undefined on input line 2758.


LaTeX Warning: Citation `kottenstette2010relationships' on page 56 undefined on input line 2759.


LaTeX Warning: Citation `xiong2010negative' on page 56 undefined on input line 2778.

>>>>>2007/10/31 v1.0 pLaTeX class ALL Rights reserved Copyright SANBI Co., Ltd. for CORONA PUBLISHING CO., Ltd.<<<<<
\tf@thm=\write5
\openout5 = `docstability5_en.thm'.


Overfull \hbox (15.44032pt too wide) has occurred while \output is active
 \OT1/cmr/m/sl/9 56 []$[]$[] 
 []

[56]
Overfull \hbox (21.53471pt too wide) has occurred while \output is active
 []$[]$[] \OT1/cmr/m/sl/9 57 
 []

[57]
Overfull \hbox (15.44032pt too wide) has occurred while \output is active
 \OT1/cmr/m/sl/9 58 []$[]$[] 
 []

[58]
Overfull \hbox (21.53471pt too wide) has occurred while \output is active
 []$[]$[] \OT1/cmr/m/sl/9 59 
 []

[59]
Overfull \hbox (15.44032pt too wide) has occurred while \output is active
 \OT1/cmr/m/sl/9 60 []$[]$[] 
 []

[60]
Overfull \hbox (21.53471pt too wide) has occurred while \output is active
 []$[]$[] \OT1/cmr/m/sl/9 61 
 []

[61]
Overfull \hbox (15.44032pt too wide) has occurred while \output is active
 \OT1/cmr/m/sl/9 62 []$[]$[] 
 []

[62]
Overfull \hbox (21.53471pt too wide) has occurred while \output is active
 []$[]$[] \OT1/cmr/m/sl/9 63 
 []

[63] (./docstability5_en.aux)

LaTeX Warning: There were undefined references.


LaTeX Warning: Label(s) may have changed. Rerun to get cross-references right.

Package rerunfilecheck Info: File `docstability5_en.out' has not changed.
(rerunfilecheck)             Checksum: 177CD854879B9E3C8884ED29E603C632;2312.
 ) 
Here is how much of TeX's memory you used:
 14369 strings out of 478980
 214119 string characters out of 5862174
 594653 words of memory out of 5000000
 32275 multiletter control sequences out of 15000+600000
 431775 words of font info for 149 fonts, out of 8000000 for 9000
 929 hyphenation exceptions out of 8191
 88i,24n,134p,471b,799s stack positions out of 5000i,500n,10000p,200000b,80000s

Output written on docstability5_en.dvi (63 pages, 268500 bytes).
